::1 - - [16/Nov/2021:15:35:21 +0000] "POST /api/auth/login HTTP/1.1" 404 128 "-" "PostmanRuntime/7.28.4"
POST /api/auth/login 404 128 - 99.104 ms
POST /api/auth/login 201 267 - 820.955 ms
POST /api/auth/login 201 267 - 371.454 ms
GET /api/user/1 200 249 - 90.090 ms
PUT /api/feed/2 403 113 - 90.081 ms
POST /api/auth/login 404 128 - 181.747 ms
POST /api/auth/login 400 120 - 39.215 ms
GET /api/user/2 200 243 - 118.555 ms
GET /api/user/3 200 242 - 5.750 ms
POST /api/auth/login 201 269 - 397.570 ms
GET /api/user/3 200 242 - 90.683 ms
GET /api/user/2 200 243 - 4.250 ms
GET /api/user/1 200 249 - 4.953 ms
GET /api/user/1 401 116 - 4.648 ms
GET /api/user/6 401 116 - 1.010 ms
GET /api/user/6 401 116 - 11.241 ms
GET /api/user/6 404 118 - 129.876 ms
POST /api/auth/register 201 97 - 405.835 ms
POST /api/auth/login 201 257 - 452.670 ms
GET /api/user/friend-request/me/received-requests 200 2 - 13.582 ms
GET /api/feed?take=5&skip=0 304 - - 12.488 ms
GET /api/user/image-name 200 18 - 125.044 ms
GET /api/feed/image/default-profile-pic.png 500 172 - 9.338 ms
GET /api/feed/image/0d626cc7-700f-44a9-ac15-aad14b442cd9.jpg 304 - - 8.893 ms
GET /api/feed/image/8b2025c2-f415-4a9c-b5b3-aeedc199be25.JPG 304 - - 5.186 ms
GET /api/feed/image/5b78d794-9719-4b10-b3ed-a89576f5c7c3.jpg 304 - - 6.291 ms
GET /api/feed/image/c845a1b8-0391-480f-9f7a-adda410dd5d3.jpeg 304 - - 6.018 ms
POST /api/user/upload 201 63 - 145.795 ms
GET /api/feed/image/16c67fd0-7af6-4156-bc6b-45cc5e2d2079.jpg 200 429212 - 2.084 ms
GET /api/feed/image/db8a2fe9-5a7b-4e24-8f3f-c814e2618780.jpg 304 - - 0.656 ms
GET /api/feed?take=5&skip=5 304 - - 4.876 ms
GET /api/feed?take=5&skip=10 304 - - 2.627 ms
POST /api/feed 201 151 - 90.457 ms
PUT /api/feed/8 200 42 - 77.991 ms
GET /api/feed?take=5&skip=15 304 - - 135.720 ms
POST /api/auth/register 201 97 - 420.481 ms
POST /api/auth/login 201 257 - 325.047 ms
GET /api/user/friend-request/me/received-requests 304 - - 15.563 ms
GET /api/user/image-name 304 - - 9.391 ms
GET /api/feed?take=5&skip=0 304 - - 98.142 ms
GET /api/feed/image/default-profile-pic.png 500 172 - 3.835 ms
GET /api/feed/image/8b2025c2-f415-4a9c-b5b3-aeedc199be25.JPG 304 - - 3.547 ms
GET /api/feed/image/c845a1b8-0391-480f-9f7a-adda410dd5d3.jpeg 304 - - 4.706 ms
GET /api/feed/image/0d626cc7-700f-44a9-ac15-aad14b442cd9.jpg 304 - - 6.305 ms
GET /api/feed/image/5b78d794-9719-4b10-b3ed-a89576f5c7c3.jpg 304 - - 5.995 ms
GET /api/feed/image/default-profile-pic.png 500 172 - 1.421 ms
GET /favicon.ico 404 114 - 4.619 ms
GET /api/user/image-name 304 - - 355.733 ms
GET /api/feed?take=5&skip=0 304 - - 354.522 ms
GET /api/user/friend-request/me/received-requests 304 - - 375.696 ms
GET /api/feed/image/default-profile-pic.jpg 304 - - 2.013 ms
GET /api/feed/image/5b78d794-9719-4b10-b3ed-a89576f5c7c3.jpg 304 - - 0.998 ms
GET /api/feed/image/0d626cc7-700f-44a9-ac15-aad14b442cd9.jpg 304 - - 0.880 ms
GET /api/feed/image/8b2025c2-f415-4a9c-b5b3-aeedc199be25.JPG 304 - - 1.148 ms
GET /api/feed/image/c845a1b8-0391-480f-9f7a-adda410dd5d3.jpeg 304 - - 2.108 ms
GET /api/feed/image/default-profile-pic.png 500 172 - 1.044 ms
GET /api/feed/image/default-profile-pic.png 500 172 - 0.833 ms
GET /api/user/friend-request/me/received-requests 304 - - 271.728 ms
GET /api/feed/image/default-profile-pic.jpg 304 - - 4.127 ms
GET /api/user/image-name 304 - - 280.391 ms
GET /api/feed?take=5&skip=0 304 - - 282.034 ms
GET /api/feed/image/default-profile-pic.png 500 172 - 0.974 ms
GET /api/feed/image/8b2025c2-f415-4a9c-b5b3-aeedc199be25.JPG 304 - - 1.794 ms
GET /api/feed/image/5b78d794-9719-4b10-b3ed-a89576f5c7c3.jpg 304 - - 1.571 ms
GET /api/feed/image/c845a1b8-0391-480f-9f7a-adda410dd5d3.jpeg 304 - - 1.516 ms
GET /api/feed/image/0d626cc7-700f-44a9-ac15-aad14b442cd9.jpg 304 - - 1.409 ms
GET /api/feed/image/default-profile-pic.png 500 172 - 1.306 ms
GET /api/feed/image/5b78d794-9719-4b10-b3ed-a89576f5c7c3.jpg 304 - - 0.701 ms
GET /api/user/image-name 304 - - 353.058 ms
GET /api/user/friend-request/me/received-requests 304 - - 360.290 ms
GET /api/feed/image/default-profile-pic.jpg 304 - - 2.701 ms
GET /api/feed?take=5&skip=0 304 - - 383.928 ms
GET /api/feed/image/default-profile-pic.png 500 172 - 2.189 ms
GET /api/feed/image/c845a1b8-0391-480f-9f7a-adda410dd5d3.jpeg 304 - - 2.552 ms
GET /api/feed/image/8b2025c2-f415-4a9c-b5b3-aeedc199be25.JPG 304 - - 2.274 ms
GET /api/feed/image/0d626cc7-700f-44a9-ac15-aad14b442cd9.jpg 304 - - 2.211 ms
GET /api/feed/image/5b78d794-9719-4b10-b3ed-a89576f5c7c3.jpg 304 - - 2.641 ms
GET /api/user/friend-request/me/received-requests 304 - - 7.677 ms
GET /api/user/image-name 304 - - 6.163 ms
GET /api/feed?take=5&skip=0 304 - - 9.380 ms
GET /api/user/friend-request/me/received-requests 304 - - 227.020 ms
GET /api/user/image-name 304 - - 196.208 ms
GET /api/user/friend-request/me/received-requests 304 - - 5.484 ms
GET /api/feed?take=5&skip=0 304 - - 132.336 ms
GET /api/user/image-name 304 - - 5.893 ms
GET /api/feed?take=5&skip=0 304 - - 7.558 ms
GET /api/user/friend-request/me/received-requests 304 - - 7.692 ms
GET /api/user/image-name 304 - - 5.436 ms
GET /api/feed?take=5&skip=0 304 - - 7.703 ms
GET /api/feed/image/default-profile-pic.png 500 172 - 4.368 ms
GET /api/feed/image/8b2025c2-f415-4a9c-b5b3-aeedc199be25.JPG 304 - - 4.349 ms
GET /api/feed/image/c845a1b8-0391-480f-9f7a-adda410dd5d3.jpeg 304 - - 4.086 ms
GET /api/feed/image/5b78d794-9719-4b10-b3ed-a89576f5c7c3.jpg 304 - - 3.840 ms
GET /api/feed/image/0d626cc7-700f-44a9-ac15-aad14b442cd9.jpg 304 - - 3.745 ms
GET /api/user/friend-request/me/received-requests 304 - - 5.579 ms
GET /api/user/image-name 304 - - 6.410 ms
GET /api/feed?take=5&skip=0 304 - - 8.091 ms
GET /api/feed/image/default-profile-pic.png 500 172 - 1.314 ms
GET /api/user/friend-request/me/received-requests 304 - - 8.913 ms
GET /api/user/image-name 304 - - 8.891 ms
GET /api/feed?take=5&skip=0 304 - - 153.203 ms
GET /api/feed/image/default-profile-pic.png 500 172 - 0.999 ms
GET /api/feed/image/0d626cc7-700f-44a9-ac15-aad14b442cd9.jpg 304 - - 2.442 ms
GET /api/feed/image/5b78d794-9719-4b10-b3ed-a89576f5c7c3.jpg 304 - - 2.285 ms
GET /api/feed/image/8b2025c2-f415-4a9c-b5b3-aeedc199be25.JPG 304 - - 3.092 ms
GET /api/feed/image/c845a1b8-0391-480f-9f7a-adda410dd5d3.jpeg 304 - - 1.403 ms
GET /api/user/image-name 304 - - 278.713 ms
GET /api/feed/image/default-profile-pic.png 500 172 - 7.940 ms
GET /api/user/friend-request/me/received-requests 304 - - 303.242 ms
GET /api/feed?take=5&skip=0 304 - - 301.312 ms
GET /api/feed/image/c845a1b8-0391-480f-9f7a-adda410dd5d3.jpeg 304 - - 3.654 ms
GET /api/feed/image/5b78d794-9719-4b10-b3ed-a89576f5c7c3.jpg 304 - - 3.642 ms
GET /api/feed/image/8b2025c2-f415-4a9c-b5b3-aeedc199be25.JPG 304 - - 3.152 ms
GET /api/feed/image/0d626cc7-700f-44a9-ac15-aad14b442cd9.jpg 304 - - 3.052 ms
GET /api/user/friend-request/me/received-requests 304 - - 6.836 ms
GET /api/user/image-name 304 - - 5.679 ms
GET /api/feed?take=5&skip=0 304 - - 8.476 ms
GET /api/feed/image/8b2025c2-f415-4a9c-b5b3-aeedc199be25.JPG 304 - - 2.076 ms
GET /api/feed/image/default-profile-pic.png 200 30643 - 9.931 ms
GET /api/feed/image/0d626cc7-700f-44a9-ac15-aad14b442cd9.jpg 304 - - 5.162 ms
GET /api/feed/image/5b78d794-9719-4b10-b3ed-a89576f5c7c3.jpg 304 - - 2.576 ms
GET /api/feed/image/c845a1b8-0391-480f-9f7a-adda410dd5d3.jpeg 304 - - 1.330 ms
GET /api/feed/image/db8a2fe9-5a7b-4e24-8f3f-c814e2618780.jpg 304 - - 1.825 ms
GET /api/feed?take=5&skip=5 304 - - 83.277 ms
GET /api/feed?take=5&skip=10 304 - - 1.677 ms
GET /api/feed?take=5&skip=15 304 - - 2.105 ms
GET /api/feed?take=5&skip=20 304 - - 3.536 ms
GET /api/feed/image/default-profile-pic.png 304 - - 1.401 ms
GET /api/feed?take=5&skip=0 200 2 - 268.009 ms
GET /api/user/image-name 304 - - 284.749 ms
GET /api/user/friend-request/me/received-requests 304 - - 291.600 ms
GET /api/user/friend-request/me/received-requests 304 - - 262.516 ms
GET /api/feed?take=5&skip=0 304 - - 255.185 ms
GET /api/user/image-name 304 - - 263.027 ms
GET /api/user/friend-request/me/received-requests 304 - - 15.519 ms
GET /api/user/image-name 304 - - 6.202 ms
GET /api/feed?take=5&skip=0 304 - - 4.746 ms
GET /api/user/friend-request/me/received-requests 304 - - 246.912 ms
GET /api/feed?take=5&skip=0 304 - - 242.064 ms
GET /api/user/image-name 304 - - 246.013 ms
GET /api/feed/image/default-profile-pic.png 304 - - 1.828 ms
GET /api/feed/image/default-profile-pic.png 304 - - 2.101 ms
GET /api/user/image-name 304 - - 258.402 ms
GET /api/user/friend-request/me/received-requests 304 - - 270.575 ms
GET /api/feed?take=5&skip=0 304 - - 259.610 ms
GET /api/user/friend-request/me/received-requests 304 - - 312.586 ms
GET /api/user/image-name 304 - - 305.490 ms
GET /api/feed?take=5&skip=0 304 - - 147.873 ms
GET /api/feed/image/default-profile-pic.png 304 - - 0.726 ms
GET /api/user/friend-request/me/received-requests 304 - - 6.845 ms
GET /api/user/image-name 304 - - 4.826 ms
GET /api/feed?take=5&skip=0 304 - - 5.677 ms
GET /api/feed/image/default-profile-pic.png 304 - - 0.744 ms
POST /api/auth/login 201 267 - 368.504 ms
GET /api/user/friend-request/me/received-requests 200 678 - 9.486 ms
GET /api/feed/image/default-profile-pic.png 304 - - 0.860 ms
GET /api/feed?take=5&skip=0 304 - - 150.840 ms
GET /api/user/image-name 200 56 - 149.929 ms
GET /api/feed/image/db8a2fe9-5a7b-4e24-8f3f-c814e2618780.jpg 304 - - 0.722 ms
GET /api/user/image-name 304 - - 3.620 ms
GET /api/user/friend-request/me/received-requests 304 - - 7.876 ms
GET /api/feed?take=5&skip=0 304 - - 5.833 ms
GET /api/feed/image/db8a2fe9-5a7b-4e24-8f3f-c814e2618780.jpg 304 - - 0.760 ms
GET /api/feed/image/default-profile-pic.png 304 - - 1.017 ms
GET /api/user/image-name 304 - - 281.196 ms
GET /api/user/friend-request/me/received-requests 304 - - 291.494 ms
GET /api/feed?take=5&skip=0 304 - - 286.799 ms
GET /api/feed/image/db8a2fe9-5a7b-4e24-8f3f-c814e2618780.jpg 304 - - 1.056 ms
GET /api/user/image-name 304 - - 323.286 ms
GET /api/user/friend-request/me/received-requests 304 - - 329.249 ms
GET /api/feed?take=5&skip=0 304 - - 327.888 ms
GET /api/user/image-name 304 - - 279.832 ms
GET /api/user/friend-request/me/received-requests 304 - - 287.547 ms
GET /api/feed?take=5&skip=0 304 - - 281.571 ms
GET /api/feed/image/db8a2fe9-5a7b-4e24-8f3f-c814e2618780.jpg 304 - - 0.501 ms
POST /api/feed 201 158 - 73.087 ms
DELETE /api/feed/9 200 23 - 129.302 ms
GET /api/user/image-name 304 - - 263.896 ms
GET /api/user/friend-request/me/received-requests 304 - - 303.707 ms
GET /api/feed?take=5&skip=0 304 - - 260.553 ms
GET /api/user/image-name 304 - - 288.864 ms
GET /api/user/friend-request/me/received-requests 304 - - 289.458 ms
GET /api/feed?take=5&skip=0 304 - - 288.777 ms
GET /api/user/friend-request/me/received-requests 304 - - 354.228 ms
GET /api/user/image-name 304 - - 352.051 ms
GET /api/feed?take=5&skip=0 304 - - 354.703 ms
GET /api/user/image-name 304 - - 239.731 ms
GET /api/user/friend-request/me/received-requests 304 - - 244.787 ms
GET /api/feed?take=5&skip=0 304 - - 242.887 ms
GET /api/user/image-name 304 - - 319.696 ms
GET /api/user/friend-request/me/received-requests 304 - - 332.715 ms
GET /api/feed?take=5&skip=0 304 - - 317.576 ms
GET /api/feed?take=5&skip=0 304 - - 294.387 ms
GET /api/user/image-name 304 - - 299.902 ms
GET /api/user/friend-request/me/received-requests 304 - - 306.428 ms
GET /api/feed?take=5&skip=0 304 - - 300.744 ms
GET /api/user/friend-request/me/received-requests 304 - - 309.704 ms
GET /api/user/image-name 304 - - 306.572 ms
GET /api/user/image-name 304 - - 499.897 ms
GET /api/user/friend-request/me/received-requests 304 - - 507.374 ms
GET /api/feed?take=5&skip=0 304 - - 511.123 ms
GET /api/user/friend-request/me/received-requests 304 - - 287.232 ms
GET /api/feed?take=5&skip=0 304 - - 282.228 ms
GET /api/user/image-name 304 - - 286.626 ms
GET /api/user/image-name 304 - - 342.851 ms
GET /api/user/friend-request/me/received-requests 304 - - 350.273 ms
GET /api/feed?take=5&skip=0 304 - - 341.804 ms
GET /api/user/image-name 304 - - 273.809 ms
GET /api/user/friend-request/me/received-requests 304 - - 279.701 ms
GET /api/feed?take=5&skip=0 304 - - 274.351 ms
GET /api/user/image-name 304 - - 234.762 ms
GET /api/user/friend-request/me/received-requests 304 - - 240.612 ms
GET /api/feed?take=5&skip=0 304 - - 237.247 ms
POST /api/auth/register 201 113 - 505.886 ms
POST /api/auth/register 201 113 - 439.452 ms
POST /api/auth/register 201 114 - 427.940 ms
POST /api/auth/register 500 152 - 378.210 ms
POST /api/auth/register 201 114 - 602.488 ms
POST /api/auth/register 500 152 - 521.767 ms
POST /api/auth/register 400 168 - 94.745 ms
POST /api/auth/register 400 168 - 7.721 ms
POST /api/auth/register 400 168 - 133.606 ms
POST /api/auth/register 400 168 - 5.910 ms
POST /api/auth/register 400 168 - 200.648 ms
POST /api/auth/register 400 168 - 4.861 ms
POST /api/auth/register 201 114 - 469.082 ms
POST /api/auth/register 400 168 - 3.960 ms
POST /api/auth/register 400 168 - 194.911 ms
POST /api/auth/register 400 168 - 3.380 ms
POST /api/auth/register 400 168 - 101.035 ms
POST /api/auth/register 400 168 - 2.441 ms
POST /api/auth/register 400 168 - 157.017 ms
POST /api/auth/register 400 168 - 3.391 ms
POST /api/auth/register 400 168 - 141.237 ms
POST /api/auth/register 400 168 - 3.147 ms
POST /api/auth/login 404 128 - 4.445 ms
POST /api/auth/login 201 280 - 359.190 ms
POST /api/auth/register 400 168 - 190.446 ms
POST /api/auth/register 400 168 - 2.356 ms
POST /api/auth/login 404 128 - 3.143 ms
POST /api/auth/register 400 168 - 170.720 ms
POST /api/auth/register 400 168 - 3.175 ms
POST /api/auth/register 400 168 - 200.360 ms
POST /api/auth/register 400 168 - 2.351 ms
POST /api/auth/register 400 168 - 256.804 ms
POST /api/auth/register 400 168 - 2.729 ms
POST /api/auth/register 201 114 - 547.455 ms
POST /api/auth/register 400 168 - 3.392 ms
POST /api/auth/register 201 114 - 565.313 ms
POST /api/auth/register 400 168 - 38.567 ms
POST /api/authlogin 404 117 - 4.417 ms
POST /api/auth/register 201 114 - 624.538 ms
POST /api/auth/register 400 168 - 5.918 ms
POST /api/auth/login 404 128 - 3.633 ms
POST /api/auth/register 400 168 - 76.882 ms
POST /api/auth/register 400 168 - 4.905 ms
POST /api/auth/login 403 128 - 3.397 ms
POST /api/auth/register 201 114 - 493.800 ms
POST /api/auth/register 400 168 - 6.277 ms
POST /api/auth/login 403 128 - 5.024 ms
POST /api/auth/register 201 114 - 525.655 ms
POST /api/auth/register 400 168 - 3.108 ms
POST /api/auth/login 403 128 - 4.221 ms
POST /api/auth/login 201 280 - 401.535 ms
POST /api/auth/register 201 114 - 580.758 ms
POST /api/auth/register 400 168 - 53.482 ms
POST /api/auth/login 403 128 - 4.420 ms
POST /api/auth/login 200 280 - 318.961 ms
POST /api/auth/register 400 168 - 303.162 ms
POST /api/auth/register 400 168 - 108.027 ms
POST /api/auth/register 400 168 - 124.747 ms
POST /api/auth/register 400 168 - 122.761 ms
POST /api/auth/register 400 168 - 99.243 ms
POST /api/auth/register 400 168 - 83.008 ms
POST /api/auth/register 400 168 - 98.023 ms
POST /api/auth/register 400 168 - 4.720 ms
POST /api/auth/register 400 168 - 118.380 ms
POST /api/auth/register 400 168 - 10.233 ms
POST /api/auth/register 400 168 - 105.858 ms
POST /api/auth/login 200 257 - 352.130 ms
GET /api/user/friend-request/me/received-requests 200 2 - 19.930 ms
GET /api/feed/image/default-profile-pic.png 304 - - 4.769 ms
GET /api/feed?take=5&skip=0 304 - - 167.866 ms
GET /api/user/image-name 200 18 - 173.549 ms
GET /api/user/friend-request/me/received-requests 304 - - 8.133 ms
GET /api/user/image-name 304 - - 5.891 ms
GET /api/feed?take=5&skip=0 304 - - 4.944 ms
GET /api/feed/image/default-profile-pic.png 304 - - 1.022 ms
GET /api/user/friend-request/me/received-requests 304 - - 10.480 ms
GET /api/user/image-name 304 - - 8.143 ms
GET /api/feed?take=5&skip=0 304 - - 140.671 ms
GET /api/feed/image/default-profile-pic.png 304 - - 0.726 ms
POST /api/auth/register 201 101 - 388.311 ms
POST /api/auth/register 201 101 - 451.072 ms
POST /api/auth/login 200 263 - 332.266 ms
GET /api/user/friend-request/me/received-requests 200 2 - 12.841 ms
GET /api/user/image-name 200 18 - 2.795 ms
GET /api/feed?take=5&skip=0 200 2 - 5.204 ms
GET /api/feed/image/default-profile-pic.png 200 30643 - 4.708 ms
POST /api/auth/register 400 168 - 144.988 ms
POST /api/auth/register 400 168 - 5.153 ms
POST /api/auth/register 201 101 - 396.479 ms
POST /api/auth/login 200 263 - 302.736 ms
GET /api/user/friend-request/me/received-requests 304 - - 10.038 ms
GET /api/feed?take=5&skip=0 304 - - 5.412 ms
GET /api/user/image-name 304 - - 162.804 ms
GET /api/feed/image/default-profile-pic.png 304 - - 0.989 ms
GET /api/user/image-name 304 - - 267.276 ms
GET /api/user/friend-request/me/received-requests 304 - - 283.625 ms
GET /api/feed?take=5&skip=0 304 - - 261.215 ms
GET /api/user/image-name 304 - - 541.359 ms
GET /api/feed?take=5&skip=0 304 - - 604.752 ms
GET /api/user/friend-request/me/received-requests 304 - - 660.189 ms
POST /api/auth/register 201 101 - 385.584 ms
POST /api/auth/login 200 263 - 349.507 ms
GET /api/user/friend-request/me/received-requests 304 - - 5.513 ms
GET /api/user/image-name 304 - - 2.743 ms
GET /api/feed?take=5&skip=0 304 - - 5.260 ms
GET /api/feed/image/default-profile-pic.png 304 - - 1.215 ms
POST /api/auth/login 200 267 - 340.196 ms
GET /api/user/friend-request/me/received-requests 200 678 - 8.176 ms
GET /api/feed/image/default-profile-pic.png 304 - - 0.750 ms
GET /api/feed?take=5&skip=0 304 - - 161.911 ms
GET /api/user/image-name 200 56 - 164.906 ms
GET /api/feed/image/db8a2fe9-5a7b-4e24-8f3f-c814e2618780.jpg 304 - - 0.822 ms
POST /api/auth/register 201 101 - 455.295 ms
POST /api/auth/login 200 263 - 346.935 ms
GET /api/user/friend-request/me/received-requests 304 - - 5.385 ms
GET /api/user/image-name 304 - - 3.323 ms
GET /api/feed?take=5&skip=0 304 - - 6.974 ms
GET /api/feed/image/default-profile-pic.png 304 - - 1.084 ms
POST /api/auth/login 200 267 - 450.706 ms
GET /api/user/friend-request/me/received-requests 304 - - 18.697 ms
GET /api/feed?take=5&skip=0 304 - - 8.520 ms
GET /api/user/image-name 304 - - 102.322 ms
GET /api/feed/image/db8a2fe9-5a7b-4e24-8f3f-c814e2618780.jpg 304 - - 3.532 ms
GET /api/user/image-name 304 - - 250.971 ms
GET /api/user/friend-request/me/received-requests 304 - - 261.493 ms
GET /api/feed?take=5&skip=0 304 - - 252.100 ms
GET /api/user/image-name 304 - - 316.237 ms
GET /api/user/friend-request/me/received-requests 304 - - 323.560 ms
GET /api/feed?take=5&skip=0 304 - - 317.052 ms
GET /api/user/image-name 304 - - 237.518 ms
GET /api/feed/image/default-profile-pic.png 304 - - 3.459 ms
GET /api/user/friend-request/me/received-requests 304 - - 246.833 ms
GET /api/feed?take=5&skip=0 304 - - 242.629 ms
GET /api/feed/image/db8a2fe9-5a7b-4e24-8f3f-c814e2618780.jpg 304 - - 1.393 ms
GET /api/user/image-name 304 - - 313.022 ms
GET /api/feed/image/default-profile-pic.png 304 - - 12.573 ms
GET /api/feed?take=5&skip=0 304 - - 311.311 ms
GET /api/user/friend-request/me/received-requests 304 - - 353.864 ms
GET /api/feed/image/db8a2fe9-5a7b-4e24-8f3f-c814e2618780.jpg 304 - - 1.156 ms
GET /api/user/friend-request/me/received-requests 304 - - 12.485 ms
GET /api/user/image-name 304 - - 11.435 ms
GET /api/feed?take=5&skip=0 304 - - 8.802 ms
GET /api/feed/image/db8a2fe9-5a7b-4e24-8f3f-c814e2618780.jpg 304 - - 0.561 ms
POST /api/auth/login 200 269 - 371.356 ms
GET /api/feed/image/default-profile-pic.png 304 - - 2.152 ms
GET /api/feed?take=5&skip=0 304 - - 10.938 ms
GET /api/feed/image/default-profile-pic.png 304 - - 0.962 ms
GET /api/user/image-name 200 57 - 176.647 ms
GET /api/user/friend-request/me/received-requests 200 341 - 184.998 ms
GET /api/feed/image/c845a1b8-0391-480f-9f7a-adda410dd5d3.jpeg 304 - - 1.213 ms
GET /api/user/friend-request/me/received-requests 304 - - 102.749 ms
GET /api/feed/image/default-profile-pic.png 304 - - 0.914 ms
GET /api/feed/image/default-profile-pic.png 304 - - 0.758 ms
GET /api/user/friend-request/me/received-requests 304 - - 122.422 ms
GET /api/user/friend-request/me/received-requests 304 - - 3.944 ms
GET /api/feed/image/default-profile-pic.png 304 - - 0.573 ms
POST /api/auth/login 200 269 - 376.677 ms
GET /api/user/friend-request/me/received-requests 200 341 - 10.441 ms
GET /api/feed/image/default-profile-pic.png 200 30643 - 5.279 ms
GET /api/feed?take=5&skip=0 200 2 - 152.948 ms
GET /api/user/image-name 200 57 - 158.358 ms
GET /api/feed/image/c845a1b8-0391-480f-9f7a-adda410dd5d3.jpeg 200 81475 - 2.425 ms
GET /api/user/friend-request/me/received-requests 304 - - 109.029 ms
GET /api/feed/image/default-profile-pic.png 304 - - 0.836 ms
GET /api/feed/image/default-profile-pic.png 304 - - 18.675 ms
GET /api/user/friend-request/me/received-requests 304 - - 37.532 ms
GET /api/feed/image/default-profile-pic.png 304 - - 1.269 ms
GET /api/user/friend-request/me/received-requests 304 - - 175.533 ms
GET /api/user/image-name 304 - - 131.767 ms
GET /api/feed?take=5&skip=0 304 - - 130.334 ms
GET /api/feed/image/c845a1b8-0391-480f-9f7a-adda410dd5d3.jpeg 304 - - 1.328 ms
GET /api/user/image-name 304 - - 5.739 ms
GET /api/feed?take=5&skip=0 304 - - 5.871 ms
GET /api/feed/image/c845a1b8-0391-480f-9f7a-adda410dd5d3.jpeg 304 - - 0.739 ms
POST /api/auth/login 200 267 - 388.770 ms
GET /api/user/friend-request/me/received-requests 200 678 - 12.744 ms
GET /api/user/image-name 200 56 - 134.341 ms
GET /api/feed?take=5&skip=0 304 - - 190.338 ms
GET /api/feed/image/db8a2fe9-5a7b-4e24-8f3f-c814e2618780.jpg 304 - - 0.749 ms
GET /api/user/friend-request/me/received-requests 304 - - 10.649 ms
GET /api/user/image-name 304 - - 12.195 ms
GET /api/feed?take=5&skip=0 304 - - 9.821 ms
GET /api/feed/image/c845a1b8-0391-480f-9f7a-adda410dd5d3.jpeg 304 - - 1.246 ms
GET /api/user/friend-request/me/received-requests 304 - - 9.645 ms
GET /api/user/image-name 304 - - 6.936 ms
GET /api/feed?take=5&skip=0 304 - - 9.388 ms
GET /api/feed/image/c845a1b8-0391-480f-9f7a-adda410dd5d3.jpeg 304 - - 0.717 ms
GET /api/user/friend-request/me/received-requests 304 - - 108.878 ms
GET /api/feed/image/default-profile-pic.png 304 - - 0.584 ms
GET /api/user/image-name 304 - - 5.490 ms
GET /api/feed/image/c845a1b8-0391-480f-9f7a-adda410dd5d3.jpeg 304 - - 0.694 ms
GET /api/feed?take=5&skip=0 304 - - 86.498 ms
GET /api/user/friend-request/me/received-requests 304 - - 43.340 ms
GET /api/feed/image/default-profile-pic.png 304 - - 5.348 ms
GET /api/user/image-name 304 - - 10.216 ms
GET /api/feed/image/db8a2fe9-5a7b-4e24-8f3f-c814e2618780.jpg 304 - - 0.847 ms
GET /api/feed?take=5&skip=0 304 - - 103.368 ms
POST /api/auth/login 200 269 - 428.816 ms
GET /api/user/friend-request/me/received-requests 200 341 - 14.497 ms
GET /api/feed?take=5&skip=0 200 2 - 160.053 ms
GET /api/user/image-name 200 57 - 166.694 ms
GET /api/feed/image/default-profile-pic.png 200 30643 - 24.419 ms
GET /api/feed/image/c845a1b8-0391-480f-9f7a-adda410dd5d3.jpeg 200 81475 - 1.092 ms
GET /api/user/friend-request/me/received-requests 304 - - 156.449 ms
GET /api/user/friend-request/me/received-requests 304 - - 10.917 ms
GET /api/user/friend-request/me/received-requests 304 - - 157.719 ms
GET /api/user/friend-request/me/received-requests 304 - - 4.776 ms
GET /api/feed/image/default-profile-pic.png 304 - - 0.978 ms
GET /api/user/image-name 304 - - 348.667 ms
GET /api/feed?take=5&skip=0 304 - - 346.623 ms
GET /api/feed/image/default-profile-pic.png 304 - - 25.588 ms
GET /api/user/friend-request/me/received-requests 304 - - 391.464 ms
GET /api/feed/image/db8a2fe9-5a7b-4e24-8f3f-c814e2618780.jpg 304 - - 1.091 ms
GET /api/user/friend-request/me/received-requests 304 - - 6.337 ms
GET /api/user/friend-request/me/received-requests 304 - - 5.479 ms
GET /api/feed/image/default-profile-pic.png 304 - - 0.784 ms
GET /api/user/image-name 304 - - 5.001 ms
GET /api/feed?take=5&skip=0 304 - - 3.798 ms
GET /api/feed/image/db8a2fe9-5a7b-4e24-8f3f-c814e2618780.jpg 304 - - 0.753 ms
POST /api/auth/login 200 269 - 369.602 ms
GET /api/feed/image/default-profile-pic.png 304 - - 0.897 ms
GET /api/user/friend-request/me/received-requests 200 341 - 9.996 ms
GET /api/feed?take=5&skip=0 304 - - 5.109 ms
GET /api/user/image-name 200 57 - 106.171 ms
GET /api/feed/image/c845a1b8-0391-480f-9f7a-adda410dd5d3.jpeg 304 - - 0.713 ms
GET /api/feed/image/default-profile-pic.png 304 - - 0.835 ms
GET /api/user/friend-request/me/received-requests 304 - - 114.755 ms
GET /api/feed/image/default-profile-pic.png 304 - - 0.946 ms
GET /api/user/friend-request/me/received-requests 304 - - 6.496 ms
GET /api/feed/image/default-profile-pic.png 304 - - 0.699 ms
GET /api/user/friend-request/me/received-requests 304 - - 135.422 ms
GET /api/feed/image/default-profile-pic.png 304 - - 0.712 ms
GET /api/user/friend-request/me/received-requests 304 - - 4.616 ms
GET /api/user/friend-request/me/received-requests 304 - - 5.172 ms
GET /api/feed/image/default-profile-pic.png 304 - - 0.580 ms
GET /api/user/friend-request/me/received-requests 304 - - 2.847 ms
GET /api/feed/image/default-profile-pic.png 304 - - 1.745 ms
GET /api/feed/image/default-profile-pic.png 304 - - 7.624 ms
GET /api/user/friend-request/me/received-requests 304 - - 250.131 ms
GET /api/feed/image/default-profile-pic.png 304 - - 1.364 ms
GET /api/user/friend-request/me/received-requests 304 - - 9.755 ms
GET /api/user/image-name 304 - - 8.060 ms
GET /api/feed?take=5&skip=0 304 - - 7.466 ms
GET /api/feed/image/c845a1b8-0391-480f-9f7a-adda410dd5d3.jpeg 304 - - 0.773 ms
GET /api/feed/image/default-profile-pic.png 304 - - 0.861 ms
GET /api/user/image-name 304 - - 5.536 ms
GET /api/feed/image/c845a1b8-0391-480f-9f7a-adda410dd5d3.jpeg 304 - - 1.356 ms
GET /api/feed?take=5&skip=0 304 - - 84.321 ms
POST /api/auth/login 500 149 - 391.346 ms
POST /api/auth/login 500 149 - 335.420 ms
POST /api/auth/login 200 267 - 283.033 ms
GET /api/feed/image/default-profile-pic.png 304 - - 1.114 ms
GET /api/user/friend-request/me/received-requests 200 678 - 13.527 ms
GET /api/feed/image/default-profile-pic.png 304 - - 58.026 ms
GET /api/feed?take=5&skip=0 304 - - 227.461 ms
GET /api/user/image-name 200 56 - 236.566 ms
GET /api/feed/image/db8a2fe9-5a7b-4e24-8f3f-c814e2618780.jpg 304 - - 0.775 ms
GET /api/user/friend-request/me/received-requests 304 - - 108.678 ms
GET /api/feed/image/default-profile-pic.png 304 - - 1.002 ms
GET /api/user/friend-request/me/received-requests 304 - - 4.884 ms
GET /api/user/friend-request/me/received-requests 304 - - 4.781 ms
GET /api/feed/image/default-profile-pic.png 304 - - 0.716 ms
GET /api/user/image-name 304 - - 104.868 ms
GET /api/feed?take=5&skip=0 304 - - 106.811 ms
GET /api/feed/image/db8a2fe9-5a7b-4e24-8f3f-c814e2618780.jpg 304 - - 0.647 ms
POST /api/auth/login 403 128 - 102.326 ms
POST /api/auth/login 403 128 - 14.844 ms
POST /api/auth/login 200 269 - 287.477 ms
GET /api/feed/image/default-profile-pic.png 304 - - 0.974 ms
GET /api/user/image-name 200 56 - 283.805 ms
GET /api/feed/image/default-profile-pic.png 304 - - 2.660 ms
GET /api/user/friend-request/me/received-requests 200 2 - 289.869 ms
GET /api/feed?take=5&skip=0 304 - - 287.983 ms
GET /api/feed/image/0d626cc7-700f-44a9-ac15-aad14b442cd9.jpg 304 - - 1.047 ms
GET /api/user/friend-request/me/received-requests 304 - - 11.860 ms
GET /api/feed/image/default-profile-pic.png 304 - - 0.630 ms
GET /api/user/image-name 304 - - 139.304 ms
GET /api/feed?take=5&skip=0 304 - - 139.737 ms
GET /api/feed/image/0d626cc7-700f-44a9-ac15-aad14b442cd9.jpg 304 - - 1.686 ms
POST /api/auth/login 200 267 - 369.131 ms
GET /api/user/friend-request/me/received-requests 200 678 - 156.937 ms
GET /api/feed/image/default-profile-pic.png 304 - - 0.801 ms
GET /api/user/friend-request/me/received-requests 304 - - 4.244 ms
GET /api/feed/image/default-profile-pic.png 304 - - 0.827 ms
GET /api/user/friend-request/me/received-requests 304 - - 114.863 ms
GET /api/feed/image/default-profile-pic.png 304 - - 0.965 ms
GET /api/user/friend-request/me/received-requests 304 - - 5.985 ms
GET /api/feed/image/default-profile-pic.png 304 - - 0.801 ms
GET /api/feed?take=5&skip=0 304 - - 136.964 ms
GET /api/user/image-name 200 56 - 143.624 ms
GET /api/feed/image/db8a2fe9-5a7b-4e24-8f3f-c814e2618780.jpg 304 - - 0.737 ms
POST /api/auth/login 200 269 - 350.456 ms
GET /api/user/friend-request/me/received-requests 200 341 - 9.303 ms
GET /api/feed/image/default-profile-pic.png 304 - - 0.876 ms
GET /api/feed?take=5&skip=0 304 - - 164.404 ms
GET /api/user/image-name 200 57 - 167.457 ms
GET /api/feed/image/c845a1b8-0391-480f-9f7a-adda410dd5d3.jpeg 304 - - 0.821 ms
GET /api/feed?take=5&skip=0 304 - - 230.647 ms
GET /api/user/friend-request/me/received-requests 304 - - 244.349 ms
GET /api/feed/image/default-profile-pic.png 304 - - 10.354 ms
GET /api/user/image-name 304 - - 249.280 ms
GET /api/feed/image/c845a1b8-0391-480f-9f7a-adda410dd5d3.jpeg 304 - - 0.575 ms
POST /api/auth/login 200 267 - 375.171 ms
GET /api/feed/image/default-profile-pic.png 304 - - 0.904 ms
GET /api/user/friend-request/me/received-requests 200 678 - 126.349 ms
GET /api/user/friend-request/me/received-requests 304 - - 128.772 ms
GET /api/feed/image/default-profile-pic.png 304 - - 0.568 ms
GET /api/feed?take=5&skip=0 304 - - 5.043 ms
GET /api/user/image-name 200 56 - 114.623 ms
GET /api/feed/image/db8a2fe9-5a7b-4e24-8f3f-c814e2618780.jpg 304 - - 0.764 ms
GET /api/user/friend-request/me/received-requests 304 - - 128.715 ms
GET /api/feed/image/default-profile-pic.png 304 - - 3.813 ms
GET /api/feed?take=5&skip=0 304 - - 244.708 ms
GET /api/user/image-name 304 - - 249.810 ms
GET /api/feed/image/db8a2fe9-5a7b-4e24-8f3f-c814e2618780.jpg 304 - - 0.501 ms
POST /api/auth/login 200 269 - 359.560 ms
GET /api/user/friend-request/me/received-requests 200 341 - 125.907 ms
GET /api/user/friend-request/me/received-requests 304 - - 5.003 ms
GET /api/feed/image/default-profile-pic.png 304 - - 2.330 ms
GET /api/feed/image/default-profile-pic.png 304 - - 0.994 ms
GET /api/user/image-name 401 125 - 4.807 ms
GET /api/feed?take=5&skip=0 401 128 - 1.429 ms
POST /api/auth/login 200 267 - 346.133 ms
GET /api/user/image-name 304 - - 3.400 ms
GET /api/feed?take=5&skip=0 304 - - 4.343 ms
GET /api/feed/image/db8a2fe9-5a7b-4e24-8f3f-c814e2618780.jpg 304 - - 0.508 ms
GET /api/feed?take=5&skip=0 304 - - 254.569 ms
GET /api/feed/image/default-profile-pic.png 304 - - 5.728 ms
GET /api/user/image-name 304 - - 271.128 ms
GET /api/user/friend-request/me/received-requests 200 678 - 280.028 ms
GET /api/feed/image/db8a2fe9-5a7b-4e24-8f3f-c814e2618780.jpg 304 - - 0.852 ms
GET /api/user/friend-request/me/received-requests 304 - - 9.031 ms
GET /api/user/image-name 304 - - 8.323 ms
GET /api/feed?take=5&skip=0 304 - - 5.345 ms
GET /api/user/friend-request/me/received-requests 304 - - 135.826 ms
GET /api/feed/image/default-profile-pic.png 304 - - 0.692 ms
GET /api/user/friend-request/me/received-requests 304 - - 5.161 ms
GET /api/user/image-name 304 - - 5.184 ms
GET /api/feed?take=5&skip=0 304 - - 98.812 ms
GET /api/feed/image/db8a2fe9-5a7b-4e24-8f3f-c814e2618780.jpg 304 - - 0.568 ms
GET /api/user/image-name 304 - - 288.400 ms
GET /api/feed?take=5&skip=0 304 - - 293.788 ms
GET /api/user/friend-request/me/received-requests 304 - - 309.550 ms
GET /api/user/friend-request/me/received-requests 304 - - 5.949 ms
GET /api/user/friend-request/me/received-requests 304 - - 360.549 ms
GET /api/user/friend-request/me/received-requests 304 - - 20.813 ms
GET /api/user/image-name 304 - - 14.245 ms
GET /api/feed?take=5&skip=0 304 - - 156.534 ms
GET /api/user/friend-request/me/received-requests 304 - - 53.761 ms
GET /api/user/friend-request/me/received-requests 304 - - 6.295 ms
GET /api/user/image-name 304 - - 303.091 ms
GET /api/feed/image/default-profile-pic.png 304 - - 13.706 ms
GET /api/feed?take=5&skip=0 304 - - 302.251 ms
GET /api/feed/image/db8a2fe9-5a7b-4e24-8f3f-c814e2618780.jpg 304 - - 1.296 ms
GET /api/user/friend-request/me/received-requests 304 - - 132.072 ms
GET /api/feed/image/default-profile-pic.png 304 - - 1.153 ms
GET /api/user/friend-request/me/received-requests 304 - - 29.692 ms
GET /api/feed/image/default-profile-pic.png 304 - - 4.826 ms
GET /api/user/friend-request/me/received-requests 304 - - 10.980 ms
GET /api/user/image-name 304 - - 12.774 ms
GET /api/feed?take=5&skip=0 304 - - 130.287 ms
GET /api/feed/image/db8a2fe9-5a7b-4e24-8f3f-c814e2618780.jpg 304 - - 0.875 ms
POST /api/auth/login 200 267 - 446.374 ms
GET /api/user/friends/my 200 292 - 119.847 ms
POST /api/auth/login 200 267 - 370.238 ms
GET /api/user/friend-request/me/received-requests 304 - - 16.434 ms
GET /api/user/image-name 304 - - 163.931 ms
GET /api/feed?take=5&skip=0 304 - - 168.577 ms
GET /api/feed/image/default-profile-pic.png 304 - - 4.252 ms
GET /api/feed/image/db8a2fe9-5a7b-4e24-8f3f-c814e2618780.jpg 304 - - 1.445 ms
GET /api/user/friends/my 200 292 - 12.590 ms
GET /api/user/friend-request/me/received-requests 304 - - 191.029 ms
GET /api/user/friends/my 304 - - 162.171 ms
GET /api/user/friend-request/me/received-requests 304 - - 244.213 ms
GET /api/user/friends/my 304 - - 249.672 ms
GET /api/user/friend-request/me/received-requests 304 - - 142.526 ms
GET /api/user/friends/my 304 - - 225.881 ms
GET /api/feed/image/default-profile-pic.png 304 - - 1.455 ms
GET /api/user/friends/my 304 - - 265.378 ms
GET /api/user/friend-request/me/received-requests 304 - - 271.154 ms
GET /api/user/friend-request/me/received-requests 304 - - 327.404 ms
GET /api/user/friends/my 304 - - 323.577 ms
GET /api/user/friend-request/me/received-requests 304 - - 263.634 ms
GET /api/user/friends/my 304 - - 252.650 ms
GET /api/user/friend-request/me/received-requests 304 - - 199.405 ms
GET /api/user/friends/my 304 - - 200.960 ms
GET /api/feed/image/default-profile-pic.png 304 - - 0.850 ms
GET /api/user/friend-request/me/received-requests 304 - - 250.414 ms
GET /api/user/friends/my 304 - - 245.553 ms
GET /api/feed/image/default-profile-pic.png 304 - - 2.571 ms
GET /api/user/friend-request/me/received-requests 304 - - 335.277 ms
GET /api/user/friends/my 304 - - 330.000 ms
GET /api/feed/image/default-profile-pic.png 304 - - 3.472 ms
GET /api/feed/image/default-profile-pic.png 304 - - 1.332 ms
GET /api/user/friends/my 304 - - 235.727 ms
GET /api/user/friend-request/me/received-requests 304 - - 245.087 ms
GET /api/user/friend-request/me/received-requests 304 - - 5.758 ms
GET /api/user/friends/my 304 - - 7.766 ms
GET /api/feed/image/default-profile-pic.png 304 - - 1.041 ms
GET /api/user/friends/my 304 - - 147.002 ms
GET /api/feed/image/default-profile-pic.png 304 - - 1.492 ms
GET /api/user/friend-request/me/received-requests 304 - - 246.849 ms
GET /api/user/friend-request/me/received-requests 304 - - 191.132 ms
GET /api/user/friends/my 304 - - 188.737 ms
GET /api/feed/image/default-profile-pic.png 304 - - 0.808 ms
GET /api/user/friend-request/me/received-requests 304 - - 252.409 ms
GET /api/user/friends/my 304 - - 246.657 ms
GET /api/feed/image/default-profile-pic.png 304 - - 0.737 ms
GET /api/user/friend-request/me/received-requests 304 - - 263.522 ms
GET /api/user/friends/my 304 - - 259.667 ms
GET /api/feed/image/default-profile-pic.png 304 - - 0.848 ms
GET /api/user/friend-request/me/received-requests 304 - - 231.353 ms
GET /api/user/friends/my 304 - - 233.077 ms
GET /api/feed/image/default-profile-pic.png 304 - - 0.721 ms
GET /api/user/friends/my 304 - - 173.942 ms
GET /api/feed/image/default-profile-pic.png 304 - - 0.687 ms
GET /api/user/friend-request/me/received-requests 304 - - 360.391 ms
GET /api/user/friend-request/me/received-requests 304 - - 221.701 ms
GET /api/user/friends/my 304 - - 224.615 ms
GET /api/feed/image/default-profile-pic.png 304 - - 2.267 ms
GET /api/user/friend-request/me/received-requests 304 - - 319.256 ms
GET /api/user/friends/my 304 - - 319.333 ms
GET /api/feed/image/default-profile-pic.png 304 - - 1.253 ms
GET /api/user/friend-request/me/received-requests 304 - - 232.679 ms
GET /api/user/friends/my 304 - - 239.668 ms
GET /api/user/friend-request/me/received-requests 304 - - 241.379 ms
GET /api/user/friends/my 304 - - 232.958 ms
GET /api/feed/image/0d626cc7-700f-44a9-ac15-aad14b442cd9.jpg 304 - - 8.426 ms
GET /api/feed/image/default-profile-pic.png 304 - - 8.303 ms
GET /api/feed/image/c845a1b8-0391-480f-9f7a-adda410dd5d3.jpeg 304 - - 7.130 ms
POST /api/auth/login 200 267 - 359.570 ms
GET /api/user/friend-request/me/received-requests 304 - - 6.487 ms
GET /api/feed?take=5&skip=0 304 - - 5.741 ms
GET /api/user/image-name 304 - - 143.552 ms
GET /api/feed/image/db8a2fe9-5a7b-4e24-8f3f-c814e2618780.jpg 304 - - 0.829 ms
GET /api/user/friends/my 304 - - 9.883 ms
GET /api/feed/image/0d626cc7-700f-44a9-ac15-aad14b442cd9.jpg 304 - - 0.891 ms
GET /api/feed/image/c845a1b8-0391-480f-9f7a-adda410dd5d3.jpeg 304 - - 0.818 ms
GET /api/user/friend-request/me/received-requests 304 - - 219.857 ms
GET /api/user/friends/my 304 - - 222.490 ms
GET /api/feed/image/default-profile-pic.png 304 - - 3.759 ms
GET /api/user/friend-request/me/received-requests 304 - - 345.837 ms
GET /api/user/friends/my 304 - - 341.752 ms
GET /api/feed/image/c845a1b8-0391-480f-9f7a-adda410dd5d3.jpeg 304 - - 1.756 ms
GET /api/feed/image/0d626cc7-700f-44a9-ac15-aad14b442cd9.jpg 304 - - 1.353 ms
GET /api/user/friend-request/me/received-requests 304 - - 297.718 ms
GET /api/user/friends/my 304 - - 278.986 ms
GET /api/feed/image/0d626cc7-700f-44a9-ac15-aad14b442cd9.jpg 304 - - 0.833 ms
GET /api/feed/image/c845a1b8-0391-480f-9f7a-adda410dd5d3.jpeg 304 - - 1.471 ms
GET /api/feed/image/default-profile-pic.png 304 - - 1.075 ms
GET /api/feed/image/default-profile-pic.png 304 - - 90.368 ms
GET /api/user/friend-request/me/received-requests 304 - - 475.717 ms
GET /api/user/friends/my 304 - - 472.095 ms
GET /api/feed/image/c845a1b8-0391-480f-9f7a-adda410dd5d3.jpeg 304 - - 1.361 ms
GET /api/feed/image/0d626cc7-700f-44a9-ac15-aad14b442cd9.jpg 304 - - 1.211 ms
GET /api/user/friend-request/me/received-requests 304 - - 276.381 ms
GET /api/user/friends/my 304 - - 272.041 ms
GET /api/feed/image/default-profile-pic.png 304 - - 2.551 ms
GET /api/user/friend-request/me/received-requests 304 - - 373.586 ms
GET /api/user/friends/my 304 - - 367.989 ms
GET /api/feed/image/0d626cc7-700f-44a9-ac15-aad14b442cd9.jpg 304 - - 0.695 ms
GET /api/feed/image/c845a1b8-0391-480f-9f7a-adda410dd5d3.jpeg 304 - - 1.857 ms
GET /api/user/friend-request/me/received-requests 304 - - 266.412 ms
GET /api/user/friends/my 304 - - 266.131 ms
GET /api/feed/image/default-profile-pic.png 304 - - 0.785 ms
GET /api/feed/image/0d626cc7-700f-44a9-ac15-aad14b442cd9.jpg 304 - - 1.137 ms
GET /api/feed/image/c845a1b8-0391-480f-9f7a-adda410dd5d3.jpeg 304 - - 0.809 ms
GET /api/user/friend-request/me/received-requests 304 - - 264.941 ms
GET /api/user/friends/my 304 - - 262.469 ms
GET /api/feed/image/default-profile-pic.png 304 - - 0.755 ms
GET /api/feed/image/0d626cc7-700f-44a9-ac15-aad14b442cd9.jpg 304 - - 2.322 ms
GET /api/feed/image/c845a1b8-0391-480f-9f7a-adda410dd5d3.jpeg 304 - - 1.299 ms
GET /api/user/friend-request/me/received-requests 304 - - 137.351 ms
GET /api/user/friends/my 304 - - 274.231 ms
GET /api/feed/image/default-profile-pic.png 304 - - 0.634 ms
GET /api/feed/image/c845a1b8-0391-480f-9f7a-adda410dd5d3.jpeg 304 - - 1.055 ms
GET /api/feed/image/0d626cc7-700f-44a9-ac15-aad14b442cd9.jpg 304 - - 0.628 ms
GET /api/user/friend-request/me/received-requests 304 - - 233.213 ms
GET /api/user/friends/my 304 - - 212.999 ms
GET /api/feed/image/default-profile-pic.png 304 - - 0.677 ms
GET /api/feed/image/0d626cc7-700f-44a9-ac15-aad14b442cd9.jpg 304 - - 1.675 ms
GET /api/feed/image/c845a1b8-0391-480f-9f7a-adda410dd5d3.jpeg 304 - - 1.210 ms
GET /api/user/friend-request/me/received-requests 304 - - 3.974 ms
GET /api/user/friends/my 304 - - 7.604 ms
GET /api/feed/image/c845a1b8-0391-480f-9f7a-adda410dd5d3.jpeg 304 - - 0.767 ms
GET /api/feed/image/default-profile-pic.png 304 - - 1.160 ms
GET /api/feed/image/0d626cc7-700f-44a9-ac15-aad14b442cd9.jpg 304 - - 1.032 ms
GET /api/user/friend-request/me/received-requests 304 - - 377.740 ms
GET /api/user/friends/my 304 - - 378.397 ms
GET /api/feed/image/default-profile-pic.png 304 - - 0.654 ms
GET /api/feed/image/c845a1b8-0391-480f-9f7a-adda410dd5d3.jpeg 304 - - 1.285 ms
GET /api/feed/image/0d626cc7-700f-44a9-ac15-aad14b442cd9.jpg 304 - - 1.158 ms
GET /api/feed/image/default-profile-pic.png 304 - - 0.751 ms
GET /api/user/friend-request/me/received-requests 304 - - 185.200 ms
GET /api/user/friends/my 304 - - 185.929 ms
GET /api/feed/image/c845a1b8-0391-480f-9f7a-adda410dd5d3.jpeg 304 - - 0.960 ms
GET /api/feed/image/0d626cc7-700f-44a9-ac15-aad14b442cd9.jpg 304 - - 0.797 ms
GET /api/user/friend-request/me/received-requests 304 - - 195.817 ms
GET /api/feed/image/default-profile-pic.png 304 - - 1.613 ms
GET /api/user/friends/my 304 - - 206.026 ms
GET /api/feed/image/0d626cc7-700f-44a9-ac15-aad14b442cd9.jpg 304 - - 1.641 ms
GET /api/feed/image/c845a1b8-0391-480f-9f7a-adda410dd5d3.jpeg 304 - - 1.179 ms
GET /api/user/friend-request/me/received-requests 304 - - 8.617 ms
GET /api/user/friends/my 304 - - 5.804 ms
GET /api/feed/image/c845a1b8-0391-480f-9f7a-adda410dd5d3.jpeg 304 - - 2.636 ms
GET /api/feed/image/0d626cc7-700f-44a9-ac15-aad14b442cd9.jpg 304 - - 5.044 ms
GET /api/feed/image/default-profile-pic.png 304 - - 1.476 ms
GET /api/feed/image/default-profile-pic.png 304 - - 1.960 ms
GET /api/user/image-name 304 - - 406.045 ms
GET /api/user/friend-request/me/received-requests 304 - - 416.960 ms
GET /api/feed?take=5&skip=0 304 - - 414.035 ms
GET /api/feed/image/db8a2fe9-5a7b-4e24-8f3f-c814e2618780.jpg 304 - - 1.193 ms
GET /api/user/friends/my 304 - - 6.594 ms
GET /api/feed/image/c845a1b8-0391-480f-9f7a-adda410dd5d3.jpeg 304 - - 1.164 ms
GET /api/feed/image/0d626cc7-700f-44a9-ac15-aad14b442cd9.jpg 304 - - 0.805 ms
GET /api/feed/image/default-profile-pic.png 304 - - 1.809 ms
GET /api/feed?take=5&skip=0 304 - - 260.465 ms
GET /api/user/friend-request/me/received-requests 304 - - 275.681 ms
GET /api/user/image-name 304 - - 275.152 ms
GET /api/feed/image/db8a2fe9-5a7b-4e24-8f3f-c814e2618780.jpg 304 - - 0.697 ms
GET /api/user/friends/my 304 - - 6.900 ms
GET /api/feed/image/c845a1b8-0391-480f-9f7a-adda410dd5d3.jpeg 304 - - 1.881 ms
GET /api/feed/image/0d626cc7-700f-44a9-ac15-aad14b442cd9.jpg 304 - - 1.523 ms
GET /api/feed/image/default-profile-pic.png 304 - - 1.434 ms
GET /api/user/friends/my 304 - - 247.881 ms
GET /api/user/friend-request/me/received-requests 304 - - 257.632 ms
GET /api/feed/image/c845a1b8-0391-480f-9f7a-adda410dd5d3.jpeg 304 - - 3.478 ms
GET /api/feed/image/0d626cc7-700f-44a9-ac15-aad14b442cd9.jpg 304 - - 0.747 ms
GET /api/user/friend-request/me/received-requests 304 - - 5.114 ms
GET /api/user/friends/my 304 - - 7.471 ms
GET /api/feed/image/c845a1b8-0391-480f-9f7a-adda410dd5d3.jpeg 304 - - 0.787 ms
GET /api/feed/image/default-profile-pic.png 304 - - 5.022 ms
GET /api/feed/image/0d626cc7-700f-44a9-ac15-aad14b442cd9.jpg 304 - - 18.146 ms
GET /api/user/friend-request/me/received-requests 304 - - 7.843 ms
GET /api/user/friends/my 304 - - 9.448 ms
GET /api/feed/image/c845a1b8-0391-480f-9f7a-adda410dd5d3.jpeg 304 - - 1.958 ms
GET /api/feed/image/0d626cc7-700f-44a9-ac15-aad14b442cd9.jpg 304 - - 1.777 ms
GET /api/feed/image/default-profile-pic.png 304 - - 1.558 ms
GET /api/user/friend-request/me/received-requests 304 - - 220.212 ms
GET /api/user/friends/my 304 - - 212.615 ms
GET /api/feed/image/default-profile-pic.png 304 - - 0.766 ms
GET /api/feed/image/c845a1b8-0391-480f-9f7a-adda410dd5d3.jpeg 304 - - 1.902 ms
GET /api/feed/image/0d626cc7-700f-44a9-ac15-aad14b442cd9.jpg 304 - - 1.280 ms
GET /api/user/friend-request/me/received-requests 304 - - 247.831 ms
GET /api/user/friends/my 304 - - 245.223 ms
GET /api/feed/image/default-profile-pic.png 304 - - 0.983 ms
GET /api/feed/image/0d626cc7-700f-44a9-ac15-aad14b442cd9.jpg 304 - - 1.274 ms
GET /api/feed/image/c845a1b8-0391-480f-9f7a-adda410dd5d3.jpeg 304 - - 1.271 ms
GET /api/user/friend-request/me/received-requests 304 - - 224.882 ms
GET /api/user/friends/my 304 - - 225.445 ms
GET /api/feed/image/c845a1b8-0391-480f-9f7a-adda410dd5d3.jpeg 304 - - 1.560 ms
GET /api/feed/image/default-profile-pic.png 304 - - 1.358 ms
GET /api/feed/image/0d626cc7-700f-44a9-ac15-aad14b442cd9.jpg 304 - - 0.795 ms
GET /api/user/friend-request/me/received-requests 304 - - 197.276 ms
GET /api/user/friends/my 304 - - 198.030 ms
GET /api/feed/image/c845a1b8-0391-480f-9f7a-adda410dd5d3.jpeg 304 - - 1.701 ms
GET /api/feed/image/default-profile-pic.png 304 - - 1.674 ms
GET /api/feed/image/0d626cc7-700f-44a9-ac15-aad14b442cd9.jpg 304 - - 1.646 ms
GET /api/user/friend-request/me/received-requests 304 - - 196.057 ms
GET /api/user/friends/my 304 - - 205.953 ms
GET /api/user/friend-request/me/received-requests 304 - - 219.579 ms
GET /api/user/friends/my 304 - - 219.422 ms
GET /api/user/friend-request/me/received-requests 304 - - 241.119 ms
GET /api/user/friends/my 304 - - 324.153 ms
GET /api/feed/image/default-profile-pic.png 304 - - 1.618 ms
GET /api/feed/image/c845a1b8-0391-480f-9f7a-adda410dd5d3.jpeg 304 - - 1.347 ms
GET /api/feed/image/0d626cc7-700f-44a9-ac15-aad14b442cd9.jpg 304 - - 1.177 ms
GET /api/user/friend-request/me/received-requests 304 - - 305.989 ms
GET /api/user/friends/my 304 - - 307.005 ms
GET /api/feed/image/default-profile-pic.png 304 - - 0.665 ms
GET /api/feed/image/0d626cc7-700f-44a9-ac15-aad14b442cd9.jpg 304 - - 0.759 ms
GET /api/feed/image/c845a1b8-0391-480f-9f7a-adda410dd5d3.jpeg 304 - - 0.748 ms
GET /api/user/friend-request/me/received-requests 304 - - 158.331 ms
GET /api/user/friends/my 304 - - 261.145 ms
GET /api/feed/image/default-profile-pic.png 304 - - 0.752 ms
GET /api/feed/image/0d626cc7-700f-44a9-ac15-aad14b442cd9.jpg 304 - - 0.765 ms
GET /api/feed/image/c845a1b8-0391-480f-9f7a-adda410dd5d3.jpeg 304 - - 0.908 ms
GET /api/user/friend-request/me/received-requests 304 - - 5.285 ms
GET /api/user/friends/my 304 - - 7.323 ms
GET /api/feed/image/default-profile-pic.png 304 - - 1.521 ms
GET /api/feed/image/c845a1b8-0391-480f-9f7a-adda410dd5d3.jpeg 304 - - 1.439 ms
GET /api/feed/image/0d626cc7-700f-44a9-ac15-aad14b442cd9.jpg 304 - - 0.876 ms
GET /api/user/friend-request/me/received-requests 304 - - 317.105 ms
GET /api/user/friends/my 304 - - 314.890 ms
GET /api/feed/image/default-profile-pic.png 304 - - 3.239 ms
GET /api/feed/image/c845a1b8-0391-480f-9f7a-adda410dd5d3.jpeg 304 - - 6.883 ms
GET /api/feed/image/0d626cc7-700f-44a9-ac15-aad14b442cd9.jpg 304 - - 6.286 ms
GET /api/user/friend-request/me/received-requests 304 - - 357.621 ms
GET /api/user/friends/my 304 - - 361.561 ms
GET /api/feed/image/default-profile-pic.png 304 - - 1.395 ms
GET /api/feed/image/c845a1b8-0391-480f-9f7a-adda410dd5d3.jpeg 304 - - 1.241 ms
GET /api/feed/image/0d626cc7-700f-44a9-ac15-aad14b442cd9.jpg 304 - - 1.096 ms
GET /api/user/friend-request/me/received-requests 304 - - 261.616 ms
GET /api/user/friends/my 304 - - 267.619 ms
GET /api/feed/image/default-profile-pic.png 304 - - 0.735 ms
GET /api/feed/image/0d626cc7-700f-44a9-ac15-aad14b442cd9.jpg 304 - - 2.070 ms
GET /api/feed/image/c845a1b8-0391-480f-9f7a-adda410dd5d3.jpeg 304 - - 1.485 ms
GET /api/feed/image/blank-profile-picture.png 500 174 - 2.357 ms
POST /api/auth/login 200 267 - 427.110 ms
GET /api/user/image-name 304 - - 21.495 ms
GET /api/feed/image/db8a2fe9-5a7b-4e24-8f3f-c814e2618780.jpg 304 - - 6.153 ms
GET /api/user/friend-request/me/received-requests 304 - - 193.901 ms
GET /api/feed?take=5&skip=0 304 - - 190.239 ms
GET /api/user/friends/my 304 - - 10.194 ms
GET /api/feed/image/c845a1b8-0391-480f-9f7a-adda410dd5d3.jpeg 304 - - 2.417 ms
GET /api/feed/image/0d626cc7-700f-44a9-ac15-aad14b442cd9.jpg 304 - - 1.565 ms
GET /api/feed/image/blank-profile-picture.png 500 174 - 2.733 ms
GET /api/feed/image/blank-profile-picture.png 500 174 - 1.479 ms
GET /api/user/friend-request/me/received-requests 304 - - 188.267 ms
GET /api/user/friends/my 304 - - 188.659 ms
GET /api/feed/image/0d626cc7-700f-44a9-ac15-aad14b442cd9.jpg 304 - - 1.173 ms
GET /api/feed/image/default-profile-pic.png 304 - - 3.404 ms
GET /api/feed/image/c845a1b8-0391-480f-9f7a-adda410dd5d3.jpeg 304 - - 2.891 ms
GET /api/user/friend-request/me/received-requests 304 - - 325.452 ms
GET /api/user/friends/my 304 - - 313.669 ms
GET /api/feed/image/default-profile-pic.png 304 - - 1.208 ms
GET /api/feed/image/0d626cc7-700f-44a9-ac15-aad14b442cd9.jpg 304 - - 2.214 ms
GET /api/feed/image/c845a1b8-0391-480f-9f7a-adda410dd5d3.jpeg 304 - - 1.556 ms
GET /chat-api/images/default-profile-pic.png 404 142 - 3.182 ms
GET /api/user/friends/my 304 - - 199.558 ms
GET /api/user/friend-request/me/received-requests 304 - - 204.069 ms
GET /api/user/friend-request/me/received-requests 304 - - 360.784 ms
GET /api/user/friends/my 304 - - 370.947 ms
GET /api/feed/image/default-profile-pic.png 304 - - 1.513 ms
GET /api/feed/image/0d626cc7-700f-44a9-ac15-aad14b442cd9.jpg 304 - - 1.499 ms
GET /api/feed/image/c845a1b8-0391-480f-9f7a-adda410dd5d3.jpeg 304 - - 1.731 ms
GET /api/user/friends/my 304 - - 237.779 ms
GET /api/user/friend-request/me/received-requests 304 - - 513.337 ms
GET /api/feed/image/default-profile-pic.png 304 - - 1.271 ms
GET /api/feed/image/c845a1b8-0391-480f-9f7a-adda410dd5d3.jpeg 304 - - 0.825 ms
GET /api/feed/image/0d626cc7-700f-44a9-ac15-aad14b442cd9.jpg 304 - - 0.752 ms
GET /api/user/friend-request/me/received-requests 304 - - 327.357 ms
GET /api/user/friends/my 304 - - 335.433 ms
GET /api/feed/image/c845a1b8-0391-480f-9f7a-adda410dd5d3.jpeg 304 - - 3.038 ms
GET /api/feed/image/default-profile-pic.png 304 - - 2.100 ms
GET /api/feed/image/0d626cc7-700f-44a9-ac15-aad14b442cd9.jpg 304 - - 0.989 ms
GET /api/user/friend-request/me/received-requests 304 - - 275.318 ms
GET /api/user/friends/my 304 - - 280.529 ms
GET /api/user/friend-request/me/received-requests 304 - - 272.296 ms
GET /api/user/friends/my 304 - - 276.431 ms
GET /api/user/friends/my 304 - - 283.531 ms
GET /api/user/friend-request/me/received-requests 304 - - 289.108 ms
GET /api/feed/image/default-profile-pic.png 304 - - 2.574 ms
GET /api/feed/image/c845a1b8-0391-480f-9f7a-adda410dd5d3.jpeg 304 - - 2.368 ms
GET /api/feed/image/0d626cc7-700f-44a9-ac15-aad14b442cd9.jpg 304 - - 2.513 ms
GET /api/user/friend-request/me/received-requests 304 - - 299.500 ms
GET /api/user/friends/my 304 - - 297.226 ms
GET /api/feed/image/default-profile-pic.png 304 - - 0.931 ms
GET /api/feed/image/c845a1b8-0391-480f-9f7a-adda410dd5d3.jpeg 304 - - 2.124 ms
GET /api/feed/image/0d626cc7-700f-44a9-ac15-aad14b442cd9.jpg 304 - - 1.107 ms
GET /api/user/image-name 304 - - 5.976 ms
GET /api/feed?take=5&skip=0 304 - - 6.733 ms
GET /api/feed/image/db8a2fe9-5a7b-4e24-8f3f-c814e2618780.jpg 304 - - 0.862 ms
GET /api/user/friends/my 304 - - 234.473 ms
GET /api/user/friend-request/me/received-requests 304 - - 268.834 ms
GET /api/feed/image/0d626cc7-700f-44a9-ac15-aad14b442cd9.jpg 304 - - 1.038 ms
GET /api/feed/image/c845a1b8-0391-480f-9f7a-adda410dd5d3.jpeg 304 - - 0.967 ms
GET /api/feed/image/default-profile-pic.png 304 - - 0.733 ms
GET /api/user/image-name 304 - - 6.040 ms
GET /api/feed?take=5&skip=0 304 - - 5.335 ms
GET /api/feed/image/db8a2fe9-5a7b-4e24-8f3f-c814e2618780.jpg 304 - - 0.671 ms
GET /api/user/friend-request/me/received-requests 304 - - 224.341 ms
GET /api/user/friends/my 304 - - 217.092 ms
GET /api/feed/image/0d626cc7-700f-44a9-ac15-aad14b442cd9.jpg 304 - - 1.736 ms
GET /api/feed/image/c845a1b8-0391-480f-9f7a-adda410dd5d3.jpeg 304 - - 1.772 ms
GET /api/feed/image/default-profile-pic.png 304 - - 1.814 ms
GET /api/user/image-name 304 - - 4.415 ms
GET /api/feed?take=5&skip=0 304 - - 5.452 ms
GET /api/feed/image/db8a2fe9-5a7b-4e24-8f3f-c814e2618780.jpg 304 - - 0.762 ms
GET /api/user/friend-request/me/received-requests 304 - - 562.901 ms
GET /api/user/friends/my 304 - - 662.377 ms
GET /api/feed/image/default-profile-pic.png 304 - - 0.605 ms
GET /api/feed/image/c845a1b8-0391-480f-9f7a-adda410dd5d3.jpeg 304 - - 1.902 ms
GET /api/feed/image/0d626cc7-700f-44a9-ac15-aad14b442cd9.jpg 304 - - 1.202 ms
GET /api/user/image-name 304 - - 3.604 ms
GET /api/feed?take=5&skip=0 304 - - 4.616 ms
GET /api/feed/image/db8a2fe9-5a7b-4e24-8f3f-c814e2618780.jpg 304 - - 0.750 ms
GET /api/user/friend-request/me/received-requests 304 - - 218.906 ms
GET /api/user/friends/my 304 - - 219.679 ms
GET /api/user/friend-request/me/received-requests 304 - - 160.050 ms
GET /api/user/friends/my 304 - - 281.273 ms
GET /api/feed/image/default-profile-pic.png 304 - - 1.817 ms
GET /api/feed/image/0d626cc7-700f-44a9-ac15-aad14b442cd9.jpg 304 - - 1.601 ms
GET /api/feed/image/c845a1b8-0391-480f-9f7a-adda410dd5d3.jpeg 304 - - 1.613 ms
GET /api/user/image-name 304 - - 4.600 ms
GET /api/feed?take=5&skip=0 304 - - 4.337 ms
GET /api/feed/image/db8a2fe9-5a7b-4e24-8f3f-c814e2618780.jpg 304 - - 0.769 ms
GET /api/user/friend-request/me/received-requests 304 - - 4.892 ms
GET /api/user/image-name 304 - - 6.467 ms
GET /api/feed?take=5&skip=0 304 - - 3.797 ms
GET /api/feed/image/db8a2fe9-5a7b-4e24-8f3f-c814e2618780.jpg 304 - - 1.990 ms
GET /api/user/friends/my 304 - - 6.711 ms
GET /api/feed/image/c845a1b8-0391-480f-9f7a-adda410dd5d3.jpeg 304 - - 1.694 ms
GET /api/feed/image/0d626cc7-700f-44a9-ac15-aad14b442cd9.jpg 304 - - 1.200 ms
GET /api/user/image-name 304 - - 172.575 ms
GET /api/user/friend-request/me/received-requests 304 - - 166.766 ms
GET /api/user/friends/my 304 - - 133.263 ms
GET /api/user/friend-request/me/received-requests 304 - - 291.764 ms
GET /api/user/image-name 304 - - 305.741 ms
GET /api/user/friends/my 304 - - 301.136 ms
GET /api/feed/image/db8a2fe9-5a7b-4e24-8f3f-c814e2618780.jpg 304 - - 1.365 ms
GET /api/feed/image/0d626cc7-700f-44a9-ac15-aad14b442cd9.jpg 304 - - 2.101 ms
GET /api/feed/image/c845a1b8-0391-480f-9f7a-adda410dd5d3.jpeg 304 - - 1.585 ms
GET /api/user/image-name 304 - - 136.807 ms
GET /api/user/friend-request/me/received-requests 304 - - 369.656 ms
GET /api/user/friends/my 304 - - 371.831 ms
GET /api/feed/image/db8a2fe9-5a7b-4e24-8f3f-c814e2618780.jpg 304 - - 1.001 ms
GET /api/feed/image/0d626cc7-700f-44a9-ac15-aad14b442cd9.jpg 304 - - 1.015 ms
GET /api/feed/image/c845a1b8-0391-480f-9f7a-adda410dd5d3.jpeg 304 - - 1.995 ms
GET /api/user/friend-request/me/received-requests 304 - - 277.647 ms
GET /api/user/image-name 304 - - 285.533 ms
GET /api/user/friends/my 304 - - 279.791 ms
GET /api/user/image-name 304 - - 156.193 ms
GET /api/user/friend-request/me/received-requests 304 - - 428.459 ms
GET /api/user/friends/my 304 - - 421.143 ms
GET /api/feed/image/db8a2fe9-5a7b-4e24-8f3f-c814e2618780.jpg 304 - - 0.541 ms
GET /api/feed/image/c845a1b8-0391-480f-9f7a-adda410dd5d3.jpeg 304 - - 1.677 ms
GET /api/feed/image/0d626cc7-700f-44a9-ac15-aad14b442cd9.jpg 304 - - 1.179 ms
GET /api/user/image-name 304 - - 295.907 ms
GET /api/user/friend-request/me/received-requests 304 - - 298.118 ms
GET /api/user/friends/my 304 - - 300.380 ms
GET /api/user/image-name 304 - - 264.099 ms
GET /api/user/friend-request/me/received-requests 304 - - 267.069 ms
GET /api/user/friends/my 304 - - 266.572 ms
POST /api/auth/login 200 267 - 437.704 ms
GET /api/user/image-name 304 - - 16.534 ms
GET /api/feed?take=5&skip=0 304 - - 246.533 ms
GET /api/user/friend-request/me/received-requests 304 - - 254.398 ms
GET /api/feed/image/db8a2fe9-5a7b-4e24-8f3f-c814e2618780.jpg 304 - - 1.028 ms
GET /api/user/friends/my 304 - - 145.516 ms
GET /api/feed/image/0d626cc7-700f-44a9-ac15-aad14b442cd9.jpg 304 - - 3.601 ms
GET /api/feed/image/c845a1b8-0391-480f-9f7a-adda410dd5d3.jpeg 304 - - 2.377 ms
GET /api/user/image-name 304 - - 239.326 ms
GET /api/user/friend-request/me/received-requests 304 - - 238.640 ms
GET /api/feed?take=5&skip=0 304 - - 235.916 ms
GET /api/feed/image/db8a2fe9-5a7b-4e24-8f3f-c814e2618780.jpg 304 - - 0.690 ms
POST /api/auth/login 200 269 - 338.342 ms
GET /api/user/image-name 200 57 - 6.970 ms
GET /api/user/friend-request/me/received-requests 200 341 - 144.152 ms
GET /api/feed?take=5&skip=0 304 - - 145.479 ms
GET /api/feed/image/c845a1b8-0391-480f-9f7a-adda410dd5d3.jpeg 304 - - 0.505 ms
GET /api/user/friends/my 200 144 - 153.105 ms
GET /api/feed/image/db8a2fe9-5a7b-4e24-8f3f-c814e2618780.jpg 304 - - 0.718 ms
POST /api/auth/login 200 267 - 340.557 ms
GET /api/user/image-name 200 56 - 19.703 ms
GET /api/feed?take=5&skip=0 304 - - 8.700 ms
GET /api/user/friend-request/me/received-requests 200 678 - 145.587 ms
GET /api/feed/image/db8a2fe9-5a7b-4e24-8f3f-c814e2618780.jpg 304 - - 3.373 ms
GET /api/user/friends/my 200 292 - 7.273 ms
GET /api/feed/image/0d626cc7-700f-44a9-ac15-aad14b442cd9.jpg 304 - - 1.899 ms
GET /api/feed/image/c845a1b8-0391-480f-9f7a-adda410dd5d3.jpeg 304 - - 1.516 ms
GET /api/user/image-name 304 - - 355.005 ms
GET /api/user/friend-request/me/received-requests 304 - - 354.252 ms
GET /api/user/friends/my 304 - - 353.324 ms
GET /api/user/friend-request/me/received-requests 304 - - 447.270 ms
GET /api/user/image-name 304 - - 456.335 ms
GET /api/user/friends/my 304 - - 450.348 ms
GET /api/user/image-name 304 - - 331.299 ms
GET /api/user/friend-request/me/received-requests 304 - - 328.259 ms
GET /api/user/friends/my 304 - - 336.793 ms
GET /api/user/friend-request/me/received-requests 304 - - 299.764 ms
GET /api/user/image-name 304 - - 307.520 ms
GET /api/user/friends/my 304 - - 302.835 ms
GET /api/feed/image/db8a2fe9-5a7b-4e24-8f3f-c814e2618780.jpg 304 - - 4.481 ms
GET /api/feed/image/0d626cc7-700f-44a9-ac15-aad14b442cd9.jpg 304 - - 3.670 ms
GET /api/feed/image/c845a1b8-0391-480f-9f7a-adda410dd5d3.jpeg 304 - - 6.711 ms
POST /api/auth/login 200 267 - 435.099 ms
GET /api/user/image-name 304 - - 14.470 ms
GET /api/user/friend-request/me/received-requests 304 - - 15.865 ms
GET /api/feed?take=5&skip=0 304 - - 129.132 ms
GET /api/feed/image/db8a2fe9-5a7b-4e24-8f3f-c814e2618780.jpg 304 - - 2.264 ms
GET /api/user/image-name 304 - - 9.519 ms
GET /api/user/friend-request/me/received-requests 304 - - 11.465 ms
GET /api/feed?take=5&skip=0 304 - - 4.833 ms
GET /api/feed/image/db8a2fe9-5a7b-4e24-8f3f-c814e2618780.jpg 304 - - 1.404 ms
POST /api/feed 201 157 - 84.712 ms
POST /api/auth/login 200 269 - 361.562 ms
GET /api/user/image-name 200 57 - 9.668 ms
GET /api/feed?take=5&skip=0 200 214 - 9.156 ms
GET /api/user/friend-request/me/received-requests 200 341 - 165.540 ms
GET /api/feed/image/c845a1b8-0391-480f-9f7a-adda410dd5d3.jpeg 304 - - 1.579 ms
GET /api/feed/image/db8a2fe9-5a7b-4e24-8f3f-c814e2618780.jpg 304 - - 2.000 ms
POST /api/feed 201 160 - 14.563 ms
POST /api/auth/login 200 267 - 358.775 ms
GET /api/user/image-name 200 56 - 5.173 ms
GET /api/user/friend-request/me/received-requests 200 678 - 8.070 ms
GET /api/feed?take=5&skip=0 200 431 - 112.889 ms
GET /api/feed/image/db8a2fe9-5a7b-4e24-8f3f-c814e2618780.jpg 304 - - 3.880 ms
GET /api/feed/image/c845a1b8-0391-480f-9f7a-adda410dd5d3.jpeg 304 - - 1.845 ms
POST /api/auth/login 200 267 - 386.189 ms
GET /api/user/image-name 304 - - 7.694 ms
GET /api/feed?take=5&skip=0 304 - - 8.716 ms
GET /api/user/friend-request/me/received-requests 304 - - 128.366 ms
GET /api/feed/image/db8a2fe9-5a7b-4e24-8f3f-c814e2618780.jpg 304 - - 1.509 ms
GET /api/feed/image/c845a1b8-0391-480f-9f7a-adda410dd5d3.jpeg 304 - - 1.395 ms
GET /api/user/image-name 304 - - 4.013 ms
GET /api/user/friend-request/me/received-requests 304 - - 7.087 ms
GET /api/feed?take=5&skip=0 304 - - 5.814 ms
GET /api/feed/image/db8a2fe9-5a7b-4e24-8f3f-c814e2618780.jpg 304 - - 0.612 ms
GET /api/feed/image/c845a1b8-0391-480f-9f7a-adda410dd5d3.jpeg 304 - - 0.563 ms
POST /api/auth/login 200 269 - 363.081 ms
GET /api/user/image-name 200 56 - 3.549 ms
GET /api/user/friend-request/me/received-requests 200 340 - 6.995 ms
GET /api/feed?take=5&skip=0 304 - - 154.675 ms
GET /api/feed/image/8b2025c2-f415-4a9c-b5b3-aeedc199be25.JPG 200 1450825 - 8.422 ms
GET /api/feed/image/c845a1b8-0391-480f-9f7a-adda410dd5d3.jpeg 304 - - 0.869 ms
GET /api/feed/image/db8a2fe9-5a7b-4e24-8f3f-c814e2618780.jpg 304 - - 0.856 ms
POST /api/feed 201 169 - 74.890 ms
POST /api/auth/login 200 267 - 379.020 ms
GET /api/user/image-name 200 56 - 7.917 ms
GET /api/feed?take=5&skip=0 200 656 - 8.910 ms
GET /api/user/friend-request/me/received-requests 200 678 - 146.219 ms
GET /api/feed/image/db8a2fe9-5a7b-4e24-8f3f-c814e2618780.jpg 304 - - 3.640 ms
GET /api/feed/image/8b2025c2-f415-4a9c-b5b3-aeedc199be25.JPG 304 - - 3.392 ms
GET /api/feed/image/c845a1b8-0391-480f-9f7a-adda410dd5d3.jpeg 304 - - 1.973 ms
POST /api/auth/login 200 269 - 370.492 ms
GET /api/user/image-name 200 56 - 5.726 ms
GET /api/feed?take=5&skip=0 304 - - 7.982 ms
GET /api/user/friend-request/me/received-requests 200 2 - 128.862 ms
GET /api/feed/image/0d626cc7-700f-44a9-ac15-aad14b442cd9.jpg 304 - - 3.447 ms
GET /api/feed/image/8b2025c2-f415-4a9c-b5b3-aeedc199be25.JPG 304 - - 3.160 ms
GET /api/feed/image/db8a2fe9-5a7b-4e24-8f3f-c814e2618780.jpg 304 - - 1.971 ms
GET /api/feed/image/c845a1b8-0391-480f-9f7a-adda410dd5d3.jpeg 304 - - 2.153 ms
POST /api/feed 201 166 - 13.498 ms
POST /api/auth/login 200 269 - 358.486 ms
GET /api/user/image-name 200 56 - 7.004 ms
GET /api/feed?take=5&skip=0 200 878 - 8.406 ms
GET /api/user/friend-request/me/received-requests 200 341 - 119.322 ms
GET /api/feed/image/c845a1b8-0391-480f-9f7a-adda410dd5d3.jpeg 304 - - 2.448 ms
GET /api/feed/image/db8a2fe9-5a7b-4e24-8f3f-c814e2618780.jpg 304 - - 2.186 ms
GET /api/feed/image/0d626cc7-700f-44a9-ac15-aad14b442cd9.jpg 304 - - 2.307 ms
GET /api/feed/image/8b2025c2-f415-4a9c-b5b3-aeedc199be25.JPG 304 - - 2.729 ms
GET /api/feed/image/5b78d794-9719-4b10-b3ed-a89576f5c7c3.jpg 200 103936 - 9.256 ms
POST /api/feed 201 168 - 14.845 ms
GET /api/feed?take=5&skip=5 200 2 - 5.005 ms
GET /api/user/image-name 304 - - 252.140 ms
GET /api/user/friend-request/me/received-requests 304 - - 254.298 ms
GET /api/feed/image/5b78d794-9719-4b10-b3ed-a89576f5c7c3.jpg 304 - - 0.973 ms
GET /api/feed?take=5&skip=0 200 1102 - 317.760 ms
GET /api/feed/image/0d626cc7-700f-44a9-ac15-aad14b442cd9.jpg 304 - - 2.382 ms
GET /api/feed/image/c845a1b8-0391-480f-9f7a-adda410dd5d3.jpeg 304 - - 1.875 ms
GET /api/feed/image/8b2025c2-f415-4a9c-b5b3-aeedc199be25.JPG 304 - - 1.701 ms
POST /api/auth/login 200 269 - 370.090 ms
GET /api/user/image-name 200 56 - 8.563 ms
GET /api/feed?take=5&skip=0 304 - - 8.824 ms
GET /api/user/friend-request/me/received-requests 200 2 - 132.699 ms
GET /api/feed/image/0d626cc7-700f-44a9-ac15-aad14b442cd9.jpg 304 - - 1.971 ms
GET /api/feed/image/5b78d794-9719-4b10-b3ed-a89576f5c7c3.jpg 304 - - 1.653 ms
GET /api/feed/image/8b2025c2-f415-4a9c-b5b3-aeedc199be25.JPG 304 - - 0.877 ms
GET /api/feed/image/c845a1b8-0391-480f-9f7a-adda410dd5d3.jpeg 304 - - 1.629 ms
GET /api/user/image-name 304 - - 316.418 ms
GET /api/user/friend-request/me/received-requests 304 - - 316.567 ms
GET /api/feed?take=5&skip=0 304 - - 305.458 ms
GET /api/user/image-name 304 - - 304.000 ms
GET /api/user/friend-request/me/received-requests 304 - - 299.929 ms
GET /api/feed?take=5&skip=0 304 - - 302.047 ms
GET /api/user/image-name 304 - - 300.611 ms
GET /api/user/friend-request/me/received-requests 304 - - 302.327 ms
GET /api/feed?take=5&skip=0 304 - - 296.000 ms
GET /api/user/friend-request/me/received-requests 304 - - 302.720 ms
GET /api/user/image-name 304 - - 307.770 ms
GET /api/feed?take=5&skip=0 304 - - 300.308 ms
GET /api/feed/image/0d626cc7-700f-44a9-ac15-aad14b442cd9.jpg 304 - - 1.019 ms
GET /api/feed/image/8b2025c2-f415-4a9c-b5b3-aeedc199be25.JPG 304 - - 1.946 ms
GET /api/feed/image/c845a1b8-0391-480f-9f7a-adda410dd5d3.jpeg 304 - - 1.811 ms
GET /api/feed/image/5b78d794-9719-4b10-b3ed-a89576f5c7c3.jpg 304 - - 0.755 ms
GET /api/user/friends/my 200 289 - 102.243 ms
GET /api/feed/image/db8a2fe9-5a7b-4e24-8f3f-c814e2618780.jpg 304 - - 1.077 ms
GET /api/user/friends/my 304 - - 80.880 ms
GET /api/feed/image/db8a2fe9-5a7b-4e24-8f3f-c814e2618780.jpg 304 - - 0.687 ms
GET /api/user/image-name 304 - - 286.322 ms
GET /api/user/friend-request/me/received-requests 304 - - 284.431 ms
GET /api/feed?take=5&skip=0 304 - - 285.258 ms
GET /api/user/friend-request/me/received-requests 304 - - 314.564 ms
GET /api/user/image-name 304 - - 323.506 ms
GET /api/feed?take=5&skip=0 304 - - 319.715 ms
POST /api/auth/login 403 128 - 162.535 ms
POST /api/auth/register 201 105 - 422.187 ms
POST /api/auth/login 200 268 - 283.093 ms
GET /api/user/image-name 200 18 - 24.458 ms
GET /api/user/friend-request/me/received-requests 304 - - 194.245 ms
GET /api/feed?take=5&skip=0 200 2 - 188.395 ms
GET /api/feed/image/default-profile-pic.png 304 - - 11.461 ms
POST /api/user/upload 201 63 - 142.105 ms
GET /api/feed/image/223526d9-33d1-4cfb-b782-f30a36267922.jpg 200 36701 - 4.222 ms
POST /api/auth/login 200 268 - 428.935 ms
GET /api/user/image-name 200 56 - 24.164 ms
GET /api/user/friend-request/me/received-requests 304 - - 157.030 ms
GET /api/feed/image/223526d9-33d1-4cfb-b782-f30a36267922.jpg 200 36701 - 9.978 ms
GET /api/feed?take=5&skip=0 304 - - 174.332 ms
GET /api/user/friends/my 200 2 - 11.582 ms
POST /api/auth/register 201 107 - 369.255 ms
POST /api/auth/login 200 271 - 296.224 ms
GET /api/user/image-name 200 18 - 6.998 ms
GET /api/feed?take=5&skip=0 304 - - 5.409 ms
GET /api/user/friend-request/me/received-requests 304 - - 112.212 ms
GET /api/feed/image/default-profile-pic.png 304 - - 2.285 ms
POST /api/user/upload 201 63 - 46.153 ms
GET /api/feed/image/80e48faf-ffe7-4441-b793-58f033514047.jpg 200 103936 - 2.344 ms
POST /api/feed 201 170 - 72.537 ms
POST /api/auth/register 201 106 - 377.599 ms
POST /api/auth/login 200 271 - 369.412 ms
GET /api/user/image-name 304 - - 10.549 ms
GET /api/feed/image/default-profile-pic.png 304 - - 4.529 ms
GET /api/user/friend-request/me/received-requests 304 - - 203.139 ms
GET /api/feed?take=5&skip=0 200 227 - 204.316 ms
GET /api/feed/image/80e48faf-ffe7-4441-b793-58f033514047.jpg 304 - - 0.772 ms
POST /api/user/upload 201 63 - 38.559 ms
GET /api/feed/image/91338a2e-fb20-4a17-a930-0720d6b36876.jpg 200 429212 - 1.260 ms
POST /api/feed 201 178 - 74.783 ms
POST /api/auth/login 200 268 - 351.864 ms
GET /api/user/image-name 200 56 - 11.092 ms
GET /api/feed/image/223526d9-33d1-4cfb-b782-f30a36267922.jpg 304 - - 1.098 ms
GET /api/feed?take=5&skip=0 200 461 - 154.960 ms
GET /api/user/friend-request/me/received-requests 304 - - 160.279 ms
GET /api/feed/image/80e48faf-ffe7-4441-b793-58f033514047.jpg 304 - - 0.922 ms
GET /api/feed/image/91338a2e-fb20-4a17-a930-0720d6b36876.jpg 304 - - 0.974 ms
GET /api/user/friends/my 304 - - 5.436 ms
GET /api/user/friend-request/status/3 200 21 - 93.805 ms
GET /api/user/3 200 238 - 3.470 ms
GET /api/user/friend-request/status/2 200 21 - 10.920 ms
GET /api/user/2 200 230 - 7.438 ms
POST /api/auth/login 200 271 - 366.621 ms
GET /api/user/image-name 200 56 - 6.471 ms
GET /api/feed?take=5&skip=0 304 - - 8.104 ms
GET /api/user/friend-request/me/received-requests 304 - - 113.955 ms
GET /api/feed/image/80e48faf-ffe7-4441-b793-58f033514047.jpg 304 - - 1.022 ms
GET /api/feed/image/91338a2e-fb20-4a17-a930-0720d6b36876.jpg 304 - - 1.085 ms
GET /api/user/friend-request/status/3 304 - - 16.054 ms
GET /api/user/3 304 - - 6.314 ms
GET /api/user/friend-request/status/3 304 - - 108.883 ms
GET /api/user/3 304 - - 3.160 ms
GET /api/user/friend-request/status/3 304 - - 99.840 ms
GET /api/user/3 304 - - 4.149 ms
GET /api/user/image-name 304 - - 178.641 ms
GET /api/user/friend-request/me/received-requests 304 - - 375.956 ms
GET /api/user/friend-request/status/3 304 - - 377.090 ms
GET /api/feed/image/80e48faf-ffe7-4441-b793-58f033514047.jpg 304 - - 0.938 ms
GET /api/user/3 304 - - 7.105 ms
GET /api/feed/image/91338a2e-fb20-4a17-a930-0720d6b36876.jpg 304 - - 0.768 ms
GET /api/user/friend-request/me/received-requests 304 - - 223.318 ms
GET /api/user/image-name 304 - - 229.650 ms
GET /api/user/friend-request/status/3 304 - - 230.260 ms
GET /api/user/3 304 - - 5.738 ms
GET /api/feed/image/80e48faf-ffe7-4441-b793-58f033514047.jpg 304 - - 1.576 ms
GET /api/feed/image/91338a2e-fb20-4a17-a930-0720d6b36876.jpg 304 - - 1.515 ms
POST /api/user/frined-request/send/3 201 378 - 24.251 ms
GET /api/feed?take=5&skip=0 304 - - 4.667 ms
POST /api/auth/login 200 271 - 365.107 ms
GET /api/user/image-name 304 - - 2.790 ms
GET /api/user/friend-request/me/received-requests 304 - - 7.542 ms
GET /api/feed?take=5&skip=0 304 - - 102.793 ms
GET /api/feed/image/80e48faf-ffe7-4441-b793-58f033514047.jpg 304 - - 0.736 ms
GET /api/feed/image/91338a2e-fb20-4a17-a930-0720d6b36876.jpg 304 - - 0.733 ms
GET /api/user/friend-request/status/2 304 - - 120.896 ms
GET /api/user/2 304 - - 5.001 ms
POST /api/user/frined-request/send/2 201 47 - 3.982 ms
POST /api/auth/login 200 271 - 364.146 ms
GET /api/user/image-name 200 56 - 2.961 ms
GET /api/user/friend-request/me/received-requests 200 342 - 7.032 ms
GET /api/feed?take=5&skip=0 304 - - 103.698 ms
GET /api/feed/image/91338a2e-fb20-4a17-a930-0720d6b36876.jpg 304 - - 0.560 ms
GET /api/feed/image/80e48faf-ffe7-4441-b793-58f033514047.jpg 304 - - 0.669 ms
GET /api/user/2 304 - - 4.958 ms
PUT /api/user/friend-request/response/1 200 28 - 44.906 ms
POST /api/auth/login 200 268 - 355.946 ms
GET /api/user/image-name 200 56 - 13.003 ms
GET /api/feed/image/223526d9-33d1-4cfb-b782-f30a36267922.jpg 304 - - 0.792 ms
GET /api/feed?take=5&skip=0 304 - - 185.495 ms
GET /api/user/friend-request/me/received-requests 200 2 - 194.290 ms
GET /api/feed/image/91338a2e-fb20-4a17-a930-0720d6b36876.jpg 304 - - 1.389 ms
GET /api/feed/image/80e48faf-ffe7-4441-b793-58f033514047.jpg 304 - - 1.000 ms
POST /api/feed 201 161 - 13.975 ms
GET /api/user/friend-request/status/2 304 - - 101.425 ms
GET /api/user/2 304 - - 4.696 ms
POST /api/user/frined-request/send/2 201 368 - 13.990 ms
POST /api/auth/login 200 271 - 357.047 ms
GET /api/user/image-name 200 56 - 3.113 ms
GET /api/user/friend-request/me/received-requests 200 340 - 8.324 ms
GET /api/feed?take=5&skip=0 200 678 - 108.024 ms
GET /api/feed/image/80e48faf-ffe7-4441-b793-58f033514047.jpg 304 - - 1.047 ms
GET /api/feed/image/91338a2e-fb20-4a17-a930-0720d6b36876.jpg 304 - - 0.872 ms
GET /api/feed/image/223526d9-33d1-4cfb-b782-f30a36267922.jpg 304 - - 0.883 ms
GET /api/user/1 200 221 - 6.855 ms
PUT /api/user/friend-request/response/2 200 28 - 22.369 ms
GET /api/user/friends/my 200 291 - 4.648 ms
POST /api/auth/login 200 268 - 400.636 ms
GET /api/user/image-name 200 56 - 26.119 ms
GET /api/feed/image/223526d9-33d1-4cfb-b782-f30a36267922.jpg 304 - - 3.330 ms
GET /api/user/friend-request/me/received-requests 200 2 - 186.942 ms
GET /api/feed?take=5&skip=0 304 - - 191.418 ms
GET /api/feed/image/80e48faf-ffe7-4441-b793-58f033514047.jpg 304 - - 4.856 ms
GET /api/feed/image/91338a2e-fb20-4a17-a930-0720d6b36876.jpg 304 - - 7.747 ms
GET /api/user/friends/my 200 147 - 29.513 ms
POST /api/auth/login 200 268 - 377.241 ms
GET /api/user/image-name 304 - - 8.367 ms
GET /api/feed?take=5&skip=0 304 - - 10.207 ms
GET /api/user/friend-request/me/received-requests 304 - - 109.712 ms
GET /api/feed/image/91338a2e-fb20-4a17-a930-0720d6b36876.jpg 304 - - 2.271 ms
GET /api/feed/image/223526d9-33d1-4cfb-b782-f30a36267922.jpg 304 - - 2.051 ms
GET /api/feed/image/80e48faf-ffe7-4441-b793-58f033514047.jpg 304 - - 2.090 ms
GET /api/user/friends/my 304 - - 21.928 ms
GET /api/user/friend-request/status/3 304 - - 12.826 ms
GET /api/user/3 304 - - 5.777 ms
POST /api/user/frined-request/send/3 201 376 - 24.392 ms
GET /api/user/friends/my 304 - - 14.969 ms
POST /api/auth/login 200 271 - 362.349 ms
GET /api/user/image-name 200 56 - 3.394 ms
GET /api/user/friend-request/me/received-requests 200 341 - 7.055 ms
GET /api/feed?take=5&skip=0 304 - - 103.184 ms
GET /api/feed/image/80e48faf-ffe7-4441-b793-58f033514047.jpg 304 - - 0.568 ms
GET /api/feed/image/223526d9-33d1-4cfb-b782-f30a36267922.jpg 304 - - 1.160 ms
GET /api/feed/image/91338a2e-fb20-4a17-a930-0720d6b36876.jpg 304 - - 1.115 ms
GET /api/user/image-name 304 - - 10.237 ms
GET /api/user/friend-request/me/received-requests 304 - - 9.776 ms
GET /api/feed?take=5&skip=0 304 - - 6.843 ms
GET /api/feed/image/80e48faf-ffe7-4441-b793-58f033514047.jpg 304 - - 0.726 ms
GET /api/feed/image/223526d9-33d1-4cfb-b782-f30a36267922.jpg 304 - - 24.260 ms
GET /api/feed/image/91338a2e-fb20-4a17-a930-0720d6b36876.jpg 304 - - 1.399 ms
POST /api/auth/login 200 271 - 374.139 ms
GET /api/user/image-name 200 56 - 7.443 ms
GET /api/feed?take=5&skip=0 304 - - 8.987 ms
GET /api/user/friend-request/me/received-requests 200 682 - 113.497 ms
GET /api/feed/image/91338a2e-fb20-4a17-a930-0720d6b36876.jpg 304 - - 1.949 ms
GET /api/feed/image/223526d9-33d1-4cfb-b782-f30a36267922.jpg 304 - - 1.826 ms
GET /api/feed/image/80e48faf-ffe7-4441-b793-58f033514047.jpg 304 - - 1.807 ms
GET /api/user/1 200 221 - 7.365 ms
PUT /api/user/friend-request/response/3 200 28 - 22.976 ms
POST /api/auth/login 200 268 - 365.438 ms
GET /api/user/image-name 200 56 - 11.153 ms
GET /api/feed/image/223526d9-33d1-4cfb-b782-f30a36267922.jpg 304 - - 0.754 ms
GET /api/feed?take=5&skip=0 304 - - 167.772 ms
GET /api/user/friend-request/me/received-requests 200 2 - 174.544 ms
GET /api/feed/image/80e48faf-ffe7-4441-b793-58f033514047.jpg 304 - - 1.409 ms
GET /api/feed/image/91338a2e-fb20-4a17-a930-0720d6b36876.jpg 304 - - 2.384 ms
GET /api/user/friends/my 200 293 - 19.817 ms
GET /api/feed/image/blank-profile-picture.png 500 174 - 3.315 ms
GET /favicon.ico 404 114 - 3.639 ms
POST /api/auth/login 200 268 - 353.312 ms
GET /api/user/image-name 304 - - 7.230 ms
GET /api/user/friend-request/me/received-requests 304 - - 151.941 ms
GET /api/feed?take=5&skip=0 304 - - 156.160 ms
GET /api/feed/image/223526d9-33d1-4cfb-b782-f30a36267922.jpg 304 - - 1.491 ms
GET /api/feed/image/91338a2e-fb20-4a17-a930-0720d6b36876.jpg 304 - - 3.858 ms
GET /api/feed/image/80e48faf-ffe7-4441-b793-58f033514047.jpg 304 - - 0.916 ms
GET /api/user/friends/my 304 - - 7.185 ms
GET /api/feed/images/80e48faf-ffe7-4441-b793-58f033514047.jpg 404 159 - 1.126 ms
GET /api/feed/images/91338a2e-fb20-4a17-a930-0720d6b36876.jpg 404 159 - 2.259 ms
GET /api/user/image-name 304 - - 6.109 ms
GET /api/user/friend-request/me/received-requests 304 - - 209.029 ms
GET /api/feed/image/223526d9-33d1-4cfb-b782-f30a36267922.jpg 304 - - 0.783 ms
GET /api/user/friends/my 304 - - 8.400 ms
GET /api/feed/images/91338a2e-fb20-4a17-a930-0720d6b36876.jpg 404 159 - 1.111 ms
GET /api/feed/images/80e48faf-ffe7-4441-b793-58f033514047.jpg 404 159 - 2.377 ms
GET /api/user/image-name 304 - - 8.851 ms
GET /api/user/friend-request/me/received-requests 304 - - 200.693 ms
GET /api/feed/image/223526d9-33d1-4cfb-b782-f30a36267922.jpg 304 - - 0.876 ms
GET /api/user/friends/my 304 - - 8.444 ms
GET /api/feed/images/80e48faf-ffe7-4441-b793-58f033514047.jpg 404 159 - 1.132 ms
GET /api/feed/images/91338a2e-fb20-4a17-a930-0720d6b36876.jpg 404 159 - 1.153 ms
GET /api/user/image-name 304 - - 7.798 ms
GET /api/user/friend-request/me/received-requests 304 - - 165.952 ms
GET /api/feed/image/223526d9-33d1-4cfb-b782-f30a36267922.jpg 304 - - 24.844 ms
GET /api/user/friends/my 304 - - 9.297 ms
GET /chat-api/images/80e48faf-ffe7-4441-b793-58f033514047.jpg 404 159 - 1.243 ms
GET /chat-api/images/91338a2e-fb20-4a17-a930-0720d6b36876.jpg 404 159 - 0.979 ms
GET /api/user/image-name 304 - - 5.766 ms
GET /api/user/friend-request/me/received-requests 304 - - 137.557 ms
GET /api/feed/image/223526d9-33d1-4cfb-b782-f30a36267922.jpg 304 - - 0.815 ms
GET /api/user/friends/my 304 - - 8.655 ms
GET /chat-api/feed/images/80e48faf-ffe7-4441-b793-58f033514047.jpg 404 164 - 1.091 ms
GET /chat-api/feed/images/91338a2e-fb20-4a17-a930-0720d6b36876.jpg 404 164 - 1.152 ms
GET /api/user/image-name 304 - - 5.683 ms
GET /api/user/friend-request/me/received-requests 304 - - 10.748 ms
GET /api/feed/image/223526d9-33d1-4cfb-b782-f30a36267922.jpg 304 - - 0.781 ms
GET /api/user/friends/my 304 - - 7.958 ms
GET /chat-api/images/91338a2e-fb20-4a17-a930-0720d6b36876.jpg 404 159 - 3.261 ms
GET /chat-api/images/80e48faf-ffe7-4441-b793-58f033514047.jpg 404 159 - 2.748 ms
GET /api/user/image-name 304 - - 7.959 ms
GET /api/user/friend-request/me/received-requests 304 - - 149.569 ms
GET /api/feed/image/223526d9-33d1-4cfb-b782-f30a36267922.jpg 304 - - 0.943 ms
GET /api/user/friends/my 304 - - 9.668 ms
GET /api/feed/images/91338a2e-fb20-4a17-a930-0720d6b36876.jpg 404 159 - 1.059 ms
GET /api/feed/images/80e48faf-ffe7-4441-b793-58f033514047.jpg 404 159 - 1.100 ms
GET /api/user/image-name 304 - - 2.865 ms
GET /api/user/friend-request/me/received-requests 304 - - 5.736 ms
GET /api/feed/image/223526d9-33d1-4cfb-b782-f30a36267922.jpg 304 - - 0.766 ms
GET /api/user/friends/my 304 - - 9.849 ms
GET /api/feed/images/80e48faf-ffe7-4441-b793-58f033514047.jpg 404 159 - 1.128 ms
GET /api/feed/images/91338a2e-fb20-4a17-a930-0720d6b36876.jpg 404 159 - 1.125 ms
GET /api/feed/images/80e48faf-ffe7-4441-b793-58f033514047.jpg 404 159 - 0.876 ms
GET /chat-api/images/80e48faf-ffe7-4441-b793-58f033514047.jpg 404 159 - 1.293 ms
GET /api/feed?take=5&skip=0 304 - - 6.470 ms
GET /api/feed/image/91338a2e-fb20-4a17-a930-0720d6b36876.jpg 304 - - 1.283 ms
GET /api/feed/image/80e48faf-ffe7-4441-b793-58f033514047.jpg 304 - - 1.062 ms
GET /api/user/friend-request/status/3 200 21 - 16.350 ms
GET /api/user/3 304 - - 10.393 ms
POST /api/auth/register 201 107 - 369.380 ms
POST /api/auth/login 200 271 - 366.827 ms
GET /api/user/image-name 200 18 - 6.064 ms
GET /api/feed?take=5&skip=0 304 - - 165.859 ms
GET /api/user/friend-request/me/received-requests 304 - - 169.255 ms
GET /api/feed/image/default-profile-pic.png 500 172 - 1.420 ms
GET /api/feed/image/80e48faf-ffe7-4441-b793-58f033514047.jpg 304 - - 4.449 ms
GET /api/feed/image/223526d9-33d1-4cfb-b782-f30a36267922.jpg 304 - - 4.163 ms
GET /api/feed/image/91338a2e-fb20-4a17-a930-0720d6b36876.jpg 304 - - 1.474 ms
POST /api/user/upload 201 63 - 151.620 ms
GET /api/feed/image/aefe7cbf-347f-46d1-af00-02e870214687.jpg 200 847321 - 2.384 ms
GET /api/feed/image/aefe7cbf-347f-46d1-af00-02e870214687.jpg 200 847321 - 1.107 ms
GET /api/user/image-name 200 56 - 196.850 ms
GET /api/user/friend-request/me/received-requests 304 - - 321.824 ms
GET /api/feed?take=5&skip=0 304 - - 319.176 ms
GET /api/feed/image/aefe7cbf-347f-46d1-af00-02e870214687.jpg 304 - - 0.728 ms
GET /api/feed/image/223526d9-33d1-4cfb-b782-f30a36267922.jpg 304 - - 2.576 ms
GET /api/feed/image/91338a2e-fb20-4a17-a930-0720d6b36876.jpg 304 - - 1.870 ms
GET /api/feed/image/80e48faf-ffe7-4441-b793-58f033514047.jpg 304 - - 1.793 ms
GET /api/user/friends/my 200 2 - 16.370 ms
POST /api/auth/login 200 268 - 353.918 ms
GET /api/user/image-name 200 56 - 5.152 ms
GET /api/feed?take=5&skip=0 304 - - 8.519 ms
GET /api/user/friend-request/me/received-requests 304 - - 109.388 ms
GET /api/feed/image/223526d9-33d1-4cfb-b782-f30a36267922.jpg 304 - - 1.707 ms
GET /api/feed/image/91338a2e-fb20-4a17-a930-0720d6b36876.jpg 304 - - 1.616 ms
GET /api/feed/image/80e48faf-ffe7-4441-b793-58f033514047.jpg 304 - - 1.489 ms
GET /api/user/friends/my 200 293 - 24.047 ms
GET /api/feed/images/91338a2e-fb20-4a17-a930-0720d6b36876.jpg 404 159 - 1.143 ms
GET /api/feed/images/80e48faf-ffe7-4441-b793-58f033514047.jpg 404 159 - 0.979 ms
GET /api/feed/images/80e48faf-ffe7-4441-b793-58f033514047.jpg 404 159 - 1.464 ms
GET /api/feed/image/223526d9-33d1-4cfb-b782-f30a36267922.jpg 304 - - 0.831 ms
GET /api/user/friends/my 304 - - 104.846 ms
GET /api/feed/images/91338a2e-fb20-4a17-a930-0720d6b36876.jpg 404 159 - 1.080 ms
GET /api/feed/images/80e48faf-ffe7-4441-b793-58f033514047.jpg 404 159 - 1.086 ms
GET /api/user/image-name 304 - - 6.112 ms
GET /api/user/friend-request/me/received-requests 304 - - 298.943 ms
GET /api/feed/image/223526d9-33d1-4cfb-b782-f30a36267922.jpg 304 - - 0.741 ms
GET /api/user/friends/my 304 - - 7.155 ms
GET /chat-api/images/80e48faf-ffe7-4441-b793-58f033514047.jpg 404 159 - 1.015 ms
GET /chat-api/images/91338a2e-fb20-4a17-a930-0720d6b36876.jpg 404 159 - 1.185 ms
GET /api/user/image-name 304 - - 6.163 ms
GET /api/user/friend-request/me/received-requests 304 - - 322.501 ms
GET /api/feed/image/223526d9-33d1-4cfb-b782-f30a36267922.jpg 304 - - 0.787 ms
GET /api/user/friends/my 304 - - 9.823 ms
GET /chat-api/images/80e48faf-ffe7-4441-b793-58f033514047.jpg 404 159 - 1.478 ms
GET /chat-api/images/91338a2e-fb20-4a17-a930-0720d6b36876.jpg 404 159 - 0.951 ms
GET /chat-api/images/80e48faf-ffe7-4441-b793-58f033514047.jpg 404 159 - 0.944 ms
GET /api/user/image-name 304 - - 4.944 ms
GET /api/user/friend-request/me/received-requests 304 - - 107.729 ms
GET /api/user/friends/my 304 - - 8.829 ms
GET /api/feed/image/223526d9-33d1-4cfb-b782-f30a36267922.jpg 304 - - 0.674 ms
GET /chat-api/images/91338a2e-fb20-4a17-a930-0720d6b36876.jpg 404 159 - 1.034 ms
GET /chat-api/images/80e48faf-ffe7-4441-b793-58f033514047.jpg 404 159 - 1.077 ms
GET /api/user/image-name 304 - - 7.125 ms
GET /api/user/friend-request/me/received-requests 304 - - 372.332 ms
GET /api/feed/image/223526d9-33d1-4cfb-b782-f30a36267922.jpg 304 - - 0.690 ms
GET /api/user/friends/my 304 - - 8.470 ms
GET /api/feed/image/80e48faf-ffe7-4441-b793-58f033514047.jpg 304 - - 0.978 ms
GET /api/feed/image/91338a2e-fb20-4a17-a930-0720d6b36876.jpg 304 - - 0.851 ms
GET /api/feed?take=5&skip=0 304 - - 72.203 ms
GET /api/user/friends/my 304 - - 93.401 ms
POST /api/auth/login 200 271 - 357.353 ms
GET /api/user/image-name 200 56 - 7.222 ms
GET /api/user/friend-request/me/received-requests 200 341 - 154.023 ms
GET /api/feed?take=5&skip=0 304 - - 157.423 ms
GET /api/feed/image/80e48faf-ffe7-4441-b793-58f033514047.jpg 304 - - 0.727 ms
GET /api/feed/image/91338a2e-fb20-4a17-a930-0720d6b36876.jpg 304 - - 0.859 ms
GET /api/feed/image/223526d9-33d1-4cfb-b782-f30a36267922.jpg 304 - - 0.842 ms
GET /api/user/friends/my 200 291 - 9.733 ms
POST /api/auth/login 200 268 - 374.200 ms
GET /api/user/image-name 200 56 - 6.243 ms
GET /api/feed?take=5&skip=0 304 - - 7.084 ms
GET /api/user/friend-request/me/received-requests 200 2 - 125.066 ms
GET /api/feed/image/223526d9-33d1-4cfb-b782-f30a36267922.jpg 304 - - 1.606 ms
GET /api/feed/image/91338a2e-fb20-4a17-a930-0720d6b36876.jpg 304 - - 1.293 ms
GET /api/feed/image/80e48faf-ffe7-4441-b793-58f033514047.jpg 304 - - 0.820 ms
GET /api/user/friends/my 200 293 - 5.421 ms
GET /api 304 - - 5.649 ms
POST /api/auth/login 403 128 - 142.261 ms
POST /api/auth/login 403 128 - 75.197 ms
POST /api/auth/login 403 128 - 4.501 ms
POST /api/auth/login 403 128 - 74.987 ms
POST /api/auth/login 403 128 - 5.117 ms
POST /api/auth/login 403 128 - 71.082 ms
POST /api/auth/login 403 128 - 79.288 ms
POST /api/auth/login 403 128 - 78.506 ms
POST /api/auth/login 403 128 - 4.595 ms
POST /api/auth/login 403 128 - 2.723 ms
POST /api/auth/login 403 128 - 4.963 ms
POST /api/auth/login 403 128 - 6.068 ms
POST /api/auth/login 403 128 - 2.496 ms
POST /api/auth/login 403 128 - 2.235 ms
POST /api/auth/login 403 128 - 4.434 ms
POST /api/auth/login 403 128 - 4.350 ms
POST /api/auth/login 403 128 - 2.566 ms
POST /api/auth/login 403 128 - 89.628 ms
GET /api/user/6 401 116 - 8.870 ms
POST /api/auth/login 403 128 - 164.898 ms
POST /api/auth/register 201 103 - 534.963 ms
POST /api/auth/login 200 265 - 395.522 ms
GET /api/user/image-name 200 18 - 15.774 ms
GET /api/feed/image/default-profile-pic.png 500 172 - 8.539 ms
GET /api/user/friend-request/me/received-requests 304 - - 161.745 ms
GET /api/feed?take=5&skip=0 200 2 - 161.248 ms
POST /api/user/upload 201 63 - 32.716 ms
GET /api/feed/image/6f5acae3-61b2-4913-a67d-1be4e5aebbaf.jpg 200 36701 - 3.594 ms
POST /api/feed 201 156 - 16.711 ms
POST /api/auth/register 201 105 - 396.281 ms
POST /api/auth/login 200 268 - 292.906 ms
GET /api/user/image-name 304 - - 6.417 ms
GET /api/user/friend-request/me/received-requests 304 - - 6.244 ms
GET /api/feed?take=5&skip=0 200 213 - 116.515 ms
GET /api/feed/image/default-profile-pic.png 500 172 - 1.490 ms
GET /api/feed/image/6f5acae3-61b2-4913-a67d-1be4e5aebbaf.jpg 304 - - 5.999 ms
POST /api/user/upload 201 63 - 8.177 ms
GET /api/feed/image/cfbdceac-0e18-436d-8a88-5f836afe16d2.jpg 200 103936 - 1.496 ms
POST /api/feed 201 159 - 7.652 ms
